[0.011s] Invoking command in '/home/eb/ros2_ws/build/tp1': CMAKE_PREFIX_PATH=${CMAKE_PREFIX_PATH}:/opt/ros/humble /usr/bin/cmake --build /home/eb/ros2_ws/build/tp1 -- -j12 -l12
[0.061s] [35m[1mConsolidate compiler generated dependencies of target navigation[0m
[0.081s] [ 14%] [32mBuilding CXX object CMakeFiles/navigation.dir/src/HimmMap.cpp.o[0m
[0.752s] [ 28%] [32m[1mLinking CXX executable navigation[0m
[1.991s] [100%] Built target navigation
[2.004s] Invoked command in '/home/eb/ros2_ws/build/tp1' returned '0': CMAKE_PREFIX_PATH=${CMAKE_PREFIX_PATH}:/opt/ros/humble /usr/bin/cmake --build /home/eb/ros2_ws/build/tp1 -- -j12 -l12
[2.005s] Invoking command in '/home/eb/ros2_ws/build/tp1': CMAKE_PREFIX_PATH=${CMAKE_PREFIX_PATH}:/opt/ros/humble /usr/bin/cmake --install /home/eb/ros2_ws/build/tp1
[2.012s] -- Install configuration: ""
[2.012s] -- Installing: /home/eb/ros2_ws/install/tp1/lib/tp1/navigation
[2.019s] -- Set runtime path of "/home/eb/ros2_ws/install/tp1/lib/tp1/navigation" to ""
[2.019s] -- Up-to-date: /home/eb/ros2_ws/install/tp1/share/tp1/launch
[2.019s] -- Up-to-date: /home/eb/ros2_ws/install/tp1/share/tp1/launch/p3dx-rosaria.launch.py
[2.019s] -- Up-to-date: /home/eb/ros2_ws/install/tp1/share/tp1/config
[2.019s] -- Up-to-date: /home/eb/ros2_ws/install/tp1/share/tp1/config/p3dx.rviz
[2.019s] -- Up-to-date: /home/eb/ros2_ws/install/tp1/share/ament_index/resource_index/package_run_dependencies/tp1
[2.019s] -- Up-to-date: /home/eb/ros2_ws/install/tp1/share/ament_index/resource_index/parent_prefix_path/tp1
[2.019s] -- Up-to-date: /home/eb/ros2_ws/install/tp1/share/tp1/environment/ament_prefix_path.sh
[2.019s] -- Up-to-date: /home/eb/ros2_ws/install/tp1/share/tp1/environment/ament_prefix_path.dsv
[2.019s] -- Up-to-date: /home/eb/ros2_ws/install/tp1/share/tp1/environment/path.sh
[2.019s] -- Up-to-date: /home/eb/ros2_ws/install/tp1/share/tp1/environment/path.dsv
[2.019s] -- Up-to-date: /home/eb/ros2_ws/install/tp1/share/tp1/local_setup.bash
[2.020s] -- Up-to-date: /home/eb/ros2_ws/install/tp1/share/tp1/local_setup.sh
[2.020s] -- Up-to-date: /home/eb/ros2_ws/install/tp1/share/tp1/local_setup.zsh
[2.020s] -- Up-to-date: /home/eb/ros2_ws/install/tp1/share/tp1/local_setup.dsv
[2.020s] -- Installing: /home/eb/ros2_ws/install/tp1/share/tp1/package.dsv
[2.020s] -- Up-to-date: /home/eb/ros2_ws/install/tp1/share/ament_index/resource_index/packages/tp1
[2.020s] -- Up-to-date: /home/eb/ros2_ws/install/tp1/share/tp1/cmake/tp1Config.cmake
[2.020s] -- Up-to-date: /home/eb/ros2_ws/install/tp1/share/tp1/cmake/tp1Config-version.cmake
[2.020s] -- Up-to-date: /home/eb/ros2_ws/install/tp1/share/tp1/package.xml
[2.022s] Invoked command in '/home/eb/ros2_ws/build/tp1' returned '0': CMAKE_PREFIX_PATH=${CMAKE_PREFIX_PATH}:/opt/ros/humble /usr/bin/cmake --install /home/eb/ros2_ws/build/tp1
