[0.020s] Invoking command in '/home/eb/ros2_ws/build/tp1': CMAKE_PREFIX_PATH=${CMAKE_PREFIX_PATH}:/opt/ros/humble /usr/bin/cmake --build /home/eb/ros2_ws/build/tp1 -- -j12 -l12
[0.083s] [35m[1mConsolidate compiler generated dependencies of target navigation[0m
[0.117s] [100%] Built target navigation
[0.146s] Invoked command in '/home/eb/ros2_ws/build/tp1' returned '0': CMAKE_PREFIX_PATH=${CMAKE_PREFIX_PATH}:/opt/ros/humble /usr/bin/cmake --build /home/eb/ros2_ws/build/tp1 -- -j12 -l12
[0.148s] Invoking command in '/home/eb/ros2_ws/build/tp1': CMAKE_PREFIX_PATH=${CMAKE_PREFIX_PATH}:/opt/ros/humble /usr/bin/cmake --install /home/eb/ros2_ws/build/tp1
[0.158s] -- Install configuration: ""
[0.158s] -- Up-to-date: /home/eb/ros2_ws/install/tp1/lib/tp1/navigation
[0.159s] -- Up-to-date: /home/eb/ros2_ws/install/tp1/share/tp1/launch
[0.159s] -- Up-to-date: /home/eb/ros2_ws/install/tp1/share/tp1/launch/p3dx-rosaria.launch.py
[0.159s] -- Up-to-date: /home/eb/ros2_ws/install/tp1/share/tp1/config
[0.159s] -- Up-to-date: /home/eb/ros2_ws/install/tp1/share/tp1/config/p3dx.rviz
[0.159s] -- Up-to-date: /home/eb/ros2_ws/install/tp1/share/ament_index/resource_index/package_run_dependencies/tp1
[0.159s] -- Up-to-date: /home/eb/ros2_ws/install/tp1/share/ament_index/resource_index/parent_prefix_path/tp1
[0.160s] -- Up-to-date: /home/eb/ros2_ws/install/tp1/share/tp1/environment/ament_prefix_path.sh
[0.160s] -- Up-to-date: /home/eb/ros2_ws/install/tp1/share/tp1/environment/ament_prefix_path.dsv
[0.160s] -- Up-to-date: /home/eb/ros2_ws/install/tp1/share/tp1/environment/path.sh
[0.160s] -- Up-to-date: /home/eb/ros2_ws/install/tp1/share/tp1/environment/path.dsv
[0.160s] -- Up-to-date: /home/eb/ros2_ws/install/tp1/share/tp1/local_setup.bash
[0.160s] -- Up-to-date: /home/eb/ros2_ws/install/tp1/share/tp1/local_setup.sh
[0.160s] -- Up-to-date: /home/eb/ros2_ws/install/tp1/share/tp1/local_setup.zsh
[0.160s] -- Up-to-date: /home/eb/ros2_ws/install/tp1/share/tp1/local_setup.dsv
[0.161s] -- Installing: /home/eb/ros2_ws/install/tp1/share/tp1/package.dsv
[0.161s] -- Up-to-date: /home/eb/ros2_ws/install/tp1/share/ament_index/resource_index/packages/tp1
[0.161s] -- Up-to-date: /home/eb/ros2_ws/install/tp1/share/tp1/cmake/tp1Config.cmake
[0.161s] -- Up-to-date: /home/eb/ros2_ws/install/tp1/share/tp1/cmake/tp1Config-version.cmake
[0.161s] -- Up-to-date: /home/eb/ros2_ws/install/tp1/share/tp1/package.xml
[0.186s] Invoked command in '/home/eb/ros2_ws/build/tp1' returned '0': CMAKE_PREFIX_PATH=${CMAKE_PREFIX_PATH}:/opt/ros/humble /usr/bin/cmake --install /home/eb/ros2_ws/build/tp1
