[0.013s] Invoking command in '/home/eb/ros2_ws/src/build/tp1': CMAKE_PREFIX_PATH=${CMAKE_PREFIX_PATH}:/opt/ros/humble /usr/bin/cmake --build /home/eb/ros2_ws/src/build/tp1 -- -j12 -l12
[0.068s] [100%] Built target navigation
[0.086s] Invoked command in '/home/eb/ros2_ws/src/build/tp1' returned '0': CMAKE_PREFIX_PATH=${CMAKE_PREFIX_PATH}:/opt/ros/humble /usr/bin/cmake --build /home/eb/ros2_ws/src/build/tp1 -- -j12 -l12
[0.087s] Invoking command in '/home/eb/ros2_ws/src/build/tp1': CMAKE_PREFIX_PATH=${CMAKE_PREFIX_PATH}:/opt/ros/humble /usr/bin/cmake --install /home/eb/ros2_ws/src/build/tp1
[0.094s] -- Install configuration: ""
[0.094s] -- Up-to-date: /home/eb/ros2_ws/src/install/tp1/lib/tp1/navigation
[0.094s] -- Up-to-date: /home/eb/ros2_ws/src/install/tp1/share/tp1/launch
[0.094s] -- Up-to-date: /home/eb/ros2_ws/src/install/tp1/share/tp1/launch/p3dx-rosaria.launch.py
[0.094s] -- Up-to-date: /home/eb/ros2_ws/src/install/tp1/share/tp1/config
[0.095s] -- Up-to-date: /home/eb/ros2_ws/src/install/tp1/share/tp1/config/p3dx.rviz
[0.095s] -- Up-to-date: /home/eb/ros2_ws/src/install/tp1/share/ament_index/resource_index/package_run_dependencies/tp1
[0.095s] -- Up-to-date: /home/eb/ros2_ws/src/install/tp1/share/ament_index/resource_index/parent_prefix_path/tp1
[0.095s] -- Up-to-date: /home/eb/ros2_ws/src/install/tp1/share/tp1/environment/ament_prefix_path.sh
[0.095s] -- Up-to-date: /home/eb/ros2_ws/src/install/tp1/share/tp1/environment/ament_prefix_path.dsv
[0.095s] -- Up-to-date: /home/eb/ros2_ws/src/install/tp1/share/tp1/environment/path.sh
[0.095s] -- Up-to-date: /home/eb/ros2_ws/src/install/tp1/share/tp1/environment/path.dsv
[0.095s] -- Up-to-date: /home/eb/ros2_ws/src/install/tp1/share/tp1/local_setup.bash
[0.095s] -- Up-to-date: /home/eb/ros2_ws/src/install/tp1/share/tp1/local_setup.sh
[0.096s] -- Up-to-date: /home/eb/ros2_ws/src/install/tp1/share/tp1/local_setup.zsh
[0.096s] -- Up-to-date: /home/eb/ros2_ws/src/install/tp1/share/tp1/local_setup.dsv
[0.096s] -- Installing: /home/eb/ros2_ws/src/install/tp1/share/tp1/package.dsv
[0.096s] -- Up-to-date: /home/eb/ros2_ws/src/install/tp1/share/ament_index/resource_index/packages/tp1
[0.096s] -- Up-to-date: /home/eb/ros2_ws/src/install/tp1/share/tp1/cmake/tp1Config.cmake
[0.096s] -- Up-to-date: /home/eb/ros2_ws/src/install/tp1/share/tp1/cmake/tp1Config-version.cmake
[0.096s] -- Up-to-date: /home/eb/ros2_ws/src/install/tp1/share/tp1/package.xml
[0.114s] Invoked command in '/home/eb/ros2_ws/src/build/tp1' returned '0': CMAKE_PREFIX_PATH=${CMAKE_PREFIX_PATH}:/opt/ros/humble /usr/bin/cmake --install /home/eb/ros2_ws/src/build/tp1
