[0.085s] DEBUG:colcon:Command line arguments: ['/usr/bin/colcon', 'build']
[0.085s] DEBUG:colcon:Parsed command line arguments: Namespace(log_base=None, log_level=None, verb_name='build', build_base='build', install_base='install', merge_install=False, symlink_install=False, test_result_base=None, continue_on_error=False, executor='parallel', parallel_workers=12, event_handlers=None, ignore_user_meta=False, metas=['./colcon.meta'], base_paths=['.'], packages_ignore=None, packages_ignore_regex=None, paths=None, packages_up_to=None, packages_up_to_regex=None, packages_above=None, packages_above_and_dependencies=None, packages_above_depth=None, packages_select_by_dep=None, packages_skip_by_dep=None, packages_skip_up_to=None, packages_select_build_failed=False, packages_skip_build_finished=False, packages_select_test_failures=False, packages_skip_test_passed=False, packages_select=None, packages_skip=None, packages_select_regex=None, packages_skip_regex=None, packages_start=None, packages_end=None, allow_overriding=[], cmake_args=None, cmake_target=None, cmake_target_skip_unavailable=False, cmake_clean_cache=False, cmake_clean_first=False, cmake_force_configure=False, ament_cmake_args=None, catkin_cmake_args=None, catkin_skip_building_tests=False, mixin_files=None, mixin=None, verb_parser=<colcon_mixin.mixin.mixin_argument.MixinArgumentDecorator object at 0x74be19a593f0>, verb_extension=<colcon_core.verb.build.BuildVerb object at 0x74be19a58e20>, main=<bound method BuildVerb.main of <colcon_core.verb.build.BuildVerb object at 0x74be19a58e20>>, mixin_verb=('build',))
[0.214s] Level 1:colcon.colcon_core.package_discovery:discover_packages(colcon_meta) check parameters
[0.215s] Level 1:colcon.colcon_core.package_discovery:discover_packages(recursive) check parameters
[0.215s] Level 1:colcon.colcon_core.package_discovery:discover_packages(ignore) check parameters
[0.215s] Level 1:colcon.colcon_core.package_discovery:discover_packages(path) check parameters
[0.215s] Level 1:colcon.colcon_core.package_discovery:discover_packages(colcon_meta) discover
[0.215s] Level 1:colcon.colcon_core.package_discovery:discover_packages(recursive) discover
[0.215s] INFO:colcon.colcon_core.package_discovery:Crawling recursively for packages in '/home/eb/ros2_ws/src'
[0.215s] Level 1:colcon.colcon_core.package_identification:_identify(.) by extensions ['ignore', 'ignore_ament_install']
[0.215s] Level 1:colcon.colcon_core.package_identification:_identify(.) by extension 'ignore'
[0.215s] Level 1:colcon.colcon_core.package_identification:_identify(.) by extension 'ignore_ament_install'
[0.215s] Level 1:colcon.colcon_core.package_identification:_identify(.) by extensions ['colcon_pkg']
[0.215s] Level 1:colcon.colcon_core.package_identification:_identify(.) by extension 'colcon_pkg'
[0.215s] Level 1:colcon.colcon_core.package_identification:_identify(.) by extensions ['colcon_meta']
[0.215s] Level 1:colcon.colcon_core.package_identification:_identify(.) by extension 'colcon_meta'
[0.215s] Level 1:colcon.colcon_core.package_identification:_identify(.) by extensions ['ros']
[0.215s] Level 1:colcon.colcon_core.package_identification:_identify(.) by extension 'ros'
[0.223s] Level 1:colcon.colcon_core.package_identification:_identify(.) by extensions ['cmake', 'python']
[0.223s] Level 1:colcon.colcon_core.package_identification:_identify(.) by extension 'cmake'
[0.223s] Level 1:colcon.colcon_core.package_identification:_identify(.) by extension 'python'
[0.223s] Level 1:colcon.colcon_core.package_identification:_identify(.) by extensions ['python_setup_py']
[0.223s] Level 1:colcon.colcon_core.package_identification:_identify(.) by extension 'python_setup_py'
[0.223s] Level 1:colcon.colcon_core.package_identification:_identify(build) by extensions ['ignore', 'ignore_ament_install']
[0.224s] Level 1:colcon.colcon_core.package_identification:_identify(build) by extension 'ignore'
[0.224s] Level 1:colcon.colcon_core.package_identification:_identify(build) ignored
[0.224s] Level 1:colcon.colcon_core.package_identification:_identify(install) by extensions ['ignore', 'ignore_ament_install']
[0.224s] Level 1:colcon.colcon_core.package_identification:_identify(install) by extension 'ignore'
[0.224s] Level 1:colcon.colcon_core.package_identification:_identify(install) ignored
[0.224s] Level 1:colcon.colcon_core.package_identification:_identify(log) by extensions ['ignore', 'ignore_ament_install']
[0.224s] Level 1:colcon.colcon_core.package_identification:_identify(log) by extension 'ignore'
[0.224s] Level 1:colcon.colcon_core.package_identification:_identify(log) ignored
[0.224s] Level 1:colcon.colcon_core.package_identification:_identify(phi_aria) by extensions ['ignore', 'ignore_ament_install']
[0.224s] Level 1:colcon.colcon_core.package_identification:_identify(phi_aria) by extension 'ignore'
[0.224s] Level 1:colcon.colcon_core.package_identification:_identify(phi_aria) by extension 'ignore_ament_install'
[0.224s] Level 1:colcon.colcon_core.package_identification:_identify(phi_aria) by extensions ['colcon_pkg']
[0.224s] Level 1:colcon.colcon_core.package_identification:_identify(phi_aria) by extension 'colcon_pkg'
[0.224s] Level 1:colcon.colcon_core.package_identification:_identify(phi_aria) by extensions ['colcon_meta']
[0.224s] Level 1:colcon.colcon_core.package_identification:_identify(phi_aria) by extension 'colcon_meta'
[0.224s] Level 1:colcon.colcon_core.package_identification:_identify(phi_aria) by extensions ['ros']
[0.224s] Level 1:colcon.colcon_core.package_identification:_identify(phi_aria) by extension 'ros'
[0.226s] DEBUG:colcon.colcon_core.package_identification:Package 'phi_aria' with type 'ros.ament_cmake' and name 'phi_aria'
[0.227s] Level 1:colcon.colcon_core.package_identification:_identify(tp1) by extensions ['ignore', 'ignore_ament_install']
[0.227s] Level 1:colcon.colcon_core.package_identification:_identify(tp1) by extension 'ignore'
[0.227s] Level 1:colcon.colcon_core.package_identification:_identify(tp1) by extension 'ignore_ament_install'
[0.227s] Level 1:colcon.colcon_core.package_identification:_identify(tp1) by extensions ['colcon_pkg']
[0.227s] Level 1:colcon.colcon_core.package_identification:_identify(tp1) by extension 'colcon_pkg'
[0.227s] Level 1:colcon.colcon_core.package_identification:_identify(tp1) by extensions ['colcon_meta']
[0.227s] Level 1:colcon.colcon_core.package_identification:_identify(tp1) by extension 'colcon_meta'
[0.227s] Level 1:colcon.colcon_core.package_identification:_identify(tp1) by extensions ['ros']
[0.227s] Level 1:colcon.colcon_core.package_identification:_identify(tp1) by extension 'ros'
[0.227s] DEBUG:colcon.colcon_core.package_identification:Package 'tp1' with type 'ros.ament_cmake' and name 'tp1'
[0.227s] Level 1:colcon.colcon_core.package_discovery:discover_packages(recursive) using defaults
[0.227s] Level 1:colcon.colcon_core.package_discovery:discover_packages(ignore) discover
[0.228s] Level 1:colcon.colcon_core.package_discovery:discover_packages(ignore) using defaults
[0.228s] Level 1:colcon.colcon_core.package_discovery:discover_packages(path) discover
[0.228s] Level 1:colcon.colcon_core.package_discovery:discover_packages(path) using defaults
[0.249s] Level 1:colcon.colcon_core.package_discovery:discover_packages(prefix_path) check parameters
[0.249s] Level 1:colcon.colcon_core.package_discovery:discover_packages(prefix_path) discover
[0.250s] DEBUG:colcon.colcon_installed_package_information.package_discovery:Found 2 installed packages in /home/eb/ros2_ws/install
[0.251s] DEBUG:colcon.colcon_installed_package_information.package_discovery:Found 272 installed packages in /opt/ros/humble
[0.252s] Level 1:colcon.colcon_core.package_discovery:discover_packages(prefix_path) using defaults
[0.281s] Level 5:colcon.colcon_core.verb:set package 'phi_aria' build argument 'cmake_args' from command line to 'None'
[0.281s] Level 5:colcon.colcon_core.verb:set package 'phi_aria' build argument 'cmake_target' from command line to 'None'
[0.281s] Level 5:colcon.colcon_core.verb:set package 'phi_aria' build argument 'cmake_target_skip_unavailable' from command line to 'False'
[0.281s] Level 5:colcon.colcon_core.verb:set package 'phi_aria' build argument 'cmake_clean_cache' from command line to 'False'
[0.281s] Level 5:colcon.colcon_core.verb:set package 'phi_aria' build argument 'cmake_clean_first' from command line to 'False'
[0.281s] Level 5:colcon.colcon_core.verb:set package 'phi_aria' build argument 'cmake_force_configure' from command line to 'False'
[0.281s] Level 5:colcon.colcon_core.verb:set package 'phi_aria' build argument 'ament_cmake_args' from command line to 'None'
[0.281s] Level 5:colcon.colcon_core.verb:set package 'phi_aria' build argument 'catkin_cmake_args' from command line to 'None'
[0.281s] Level 5:colcon.colcon_core.verb:set package 'phi_aria' build argument 'catkin_skip_building_tests' from command line to 'False'
[0.281s] DEBUG:colcon.colcon_core.verb:Building package 'phi_aria' with the following arguments: {'ament_cmake_args': None, 'build_base': '/home/eb/ros2_ws/src/build/phi_aria', 'catkin_cmake_args': None, 'catkin_skip_building_tests': False, 'cmake_args': None, 'cmake_clean_cache': False, 'cmake_clean_first': False, 'cmake_force_configure': False, 'cmake_target': None, 'cmake_target_skip_unavailable': False, 'install_base': '/home/eb/ros2_ws/src/install/phi_aria', 'merge_install': False, 'path': '/home/eb/ros2_ws/src/phi_aria', 'symlink_install': False, 'test_result_base': None}
[0.282s] Level 5:colcon.colcon_core.verb:set package 'tp1' build argument 'cmake_args' from command line to 'None'
[0.282s] Level 5:colcon.colcon_core.verb:set package 'tp1' build argument 'cmake_target' from command line to 'None'
[0.282s] Level 5:colcon.colcon_core.verb:set package 'tp1' build argument 'cmake_target_skip_unavailable' from command line to 'False'
[0.282s] Level 5:colcon.colcon_core.verb:set package 'tp1' build argument 'cmake_clean_cache' from command line to 'False'
[0.282s] Level 5:colcon.colcon_core.verb:set package 'tp1' build argument 'cmake_clean_first' from command line to 'False'
[0.282s] Level 5:colcon.colcon_core.verb:set package 'tp1' build argument 'cmake_force_configure' from command line to 'False'
[0.282s] Level 5:colcon.colcon_core.verb:set package 'tp1' build argument 'ament_cmake_args' from command line to 'None'
[0.282s] Level 5:colcon.colcon_core.verb:set package 'tp1' build argument 'catkin_cmake_args' from command line to 'None'
[0.282s] Level 5:colcon.colcon_core.verb:set package 'tp1' build argument 'catkin_skip_building_tests' from command line to 'False'
[0.282s] DEBUG:colcon.colcon_core.verb:Building package 'tp1' with the following arguments: {'ament_cmake_args': None, 'build_base': '/home/eb/ros2_ws/src/build/tp1', 'catkin_cmake_args': None, 'catkin_skip_building_tests': False, 'cmake_args': None, 'cmake_clean_cache': False, 'cmake_clean_first': False, 'cmake_force_configure': False, 'cmake_target': None, 'cmake_target_skip_unavailable': False, 'install_base': '/home/eb/ros2_ws/src/install/tp1', 'merge_install': False, 'path': '/home/eb/ros2_ws/src/tp1', 'symlink_install': False, 'test_result_base': None}
[0.282s] INFO:colcon.colcon_core.executor:Executing jobs using 'parallel' executor
[0.283s] DEBUG:colcon.colcon_parallel_executor.executor.parallel:run_until_complete
[0.283s] INFO:colcon.colcon_ros.task.ament_cmake.build:Building ROS package in '/home/eb/ros2_ws/src/phi_aria' with build type 'ament_cmake'
[0.283s] INFO:colcon.colcon_cmake.task.cmake.build:Building CMake package in '/home/eb/ros2_ws/src/phi_aria'
[0.285s] INFO:colcon.colcon_core.plugin_system:Skipping extension 'colcon_core.shell.bat': Not used on non-Windows systems
[0.285s] INFO:colcon.colcon_core.shell:Skip shell extension 'powershell' for command environment: Not usable outside of PowerShell
[0.285s] DEBUG:colcon.colcon_core.shell:Skip shell extension 'dsv' for command environment
[0.287s] INFO:colcon.colcon_ros.task.ament_cmake.build:Building ROS package in '/home/eb/ros2_ws/src/tp1' with build type 'ament_cmake'
[0.287s] INFO:colcon.colcon_cmake.task.cmake.build:Building CMake package in '/home/eb/ros2_ws/src/tp1'
[0.287s] INFO:colcon.colcon_core.shell:Skip shell extension 'powershell' for command environment: Not usable outside of PowerShell
[0.288s] DEBUG:colcon.colcon_core.shell:Skip shell extension 'dsv' for command environment
[0.293s] DEBUG:colcon.colcon_core.event_handler.log_command:Invoking command in '/home/eb/ros2_ws/src/build/phi_aria': CMAKE_PREFIX_PATH=${CMAKE_PREFIX_PATH}:/opt/ros/humble /usr/bin/cmake --build /home/eb/ros2_ws/src/build/phi_aria -- -j12 -l12
[0.296s] DEBUG:colcon.colcon_core.event_handler.log_command:Invoking command in '/home/eb/ros2_ws/src/build/tp1': CMAKE_PREFIX_PATH=${CMAKE_PREFIX_PATH}:/opt/ros/humble /usr/bin/cmake --build /home/eb/ros2_ws/src/build/tp1 -- -j12 -l12
[0.344s] DEBUG:colcon.colcon_core.event_handler.log_command:Invoked command in '/home/eb/ros2_ws/src/build/phi_aria' returned '0': CMAKE_PREFIX_PATH=${CMAKE_PREFIX_PATH}:/opt/ros/humble /usr/bin/cmake --build /home/eb/ros2_ws/src/build/phi_aria -- -j12 -l12
[0.351s] DEBUG:colcon.colcon_core.event_handler.log_command:Invoking command in '/home/eb/ros2_ws/src/build/phi_aria': CMAKE_PREFIX_PATH=${CMAKE_PREFIX_PATH}:/opt/ros/humble /usr/bin/cmake --install /home/eb/ros2_ws/src/build/phi_aria
[0.359s] Level 1:colcon.colcon_core.environment:create_environment_scripts_only(phi_aria)
[0.363s] DEBUG:colcon.colcon_core.event_handler.log_command:Invoked command in '/home/eb/ros2_ws/src/build/phi_aria' returned '0': CMAKE_PREFIX_PATH=${CMAKE_PREFIX_PATH}:/opt/ros/humble /usr/bin/cmake --install /home/eb/ros2_ws/src/build/phi_aria
[0.363s] Level 1:colcon.colcon_core.environment:checking '/home/eb/ros2_ws/src/install/phi_aria' for CMake module files
[0.363s] Level 1:colcon.colcon_core.environment:checking '/home/eb/ros2_ws/src/install/phi_aria' for CMake config files
[0.364s] Level 1:colcon.colcon_core.shell:create_environment_hook('phi_aria', 'cmake_prefix_path')
[0.364s] INFO:colcon.colcon_core.shell:Creating environment hook '/home/eb/ros2_ws/src/install/phi_aria/share/phi_aria/hook/cmake_prefix_path.ps1'
[0.364s] INFO:colcon.colcon_core.shell:Creating environment descriptor '/home/eb/ros2_ws/src/install/phi_aria/share/phi_aria/hook/cmake_prefix_path.dsv'
[0.365s] INFO:colcon.colcon_core.shell:Creating environment hook '/home/eb/ros2_ws/src/install/phi_aria/share/phi_aria/hook/cmake_prefix_path.sh'
[0.365s] Level 1:colcon.colcon_core.environment:checking '/home/eb/ros2_ws/src/install/phi_aria/lib'
[0.365s] Level 1:colcon.colcon_core.environment:checking '/home/eb/ros2_ws/src/install/phi_aria/bin'
[0.366s] Level 1:colcon.colcon_core.environment:checking '/home/eb/ros2_ws/src/install/phi_aria/lib/pkgconfig/phi_aria.pc'
[0.366s] Level 1:colcon.colcon_core.environment:checking '/home/eb/ros2_ws/src/install/phi_aria/lib/python3.10/site-packages'
[0.366s] Level 1:colcon.colcon_core.environment:checking '/home/eb/ros2_ws/src/install/phi_aria/bin'
[0.366s] INFO:colcon.colcon_core.shell:Creating package script '/home/eb/ros2_ws/src/install/phi_aria/share/phi_aria/package.ps1'
[0.367s] INFO:colcon.colcon_core.shell:Creating package descriptor '/home/eb/ros2_ws/src/install/phi_aria/share/phi_aria/package.dsv'
[0.367s] INFO:colcon.colcon_core.shell:Creating package script '/home/eb/ros2_ws/src/install/phi_aria/share/phi_aria/package.sh'
[0.368s] INFO:colcon.colcon_core.shell:Creating package script '/home/eb/ros2_ws/src/install/phi_aria/share/phi_aria/package.bash'
[0.368s] INFO:colcon.colcon_core.shell:Creating package script '/home/eb/ros2_ws/src/install/phi_aria/share/phi_aria/package.zsh'
[0.369s] Level 1:colcon.colcon_core.environment:create_file_with_runtime_dependencies(/home/eb/ros2_ws/src/install/phi_aria/share/colcon-core/packages/phi_aria)
[0.369s] Level 1:colcon.colcon_core.environment:create_environment_scripts_only(phi_aria)
[0.370s] Level 1:colcon.colcon_core.environment:checking '/home/eb/ros2_ws/src/install/phi_aria' for CMake module files
[0.370s] Level 1:colcon.colcon_core.environment:checking '/home/eb/ros2_ws/src/install/phi_aria' for CMake config files
[0.370s] Level 1:colcon.colcon_core.shell:create_environment_hook('phi_aria', 'cmake_prefix_path')
[0.370s] INFO:colcon.colcon_core.shell:Creating environment hook '/home/eb/ros2_ws/src/install/phi_aria/share/phi_aria/hook/cmake_prefix_path.ps1'
[0.371s] INFO:colcon.colcon_core.shell:Creating environment descriptor '/home/eb/ros2_ws/src/install/phi_aria/share/phi_aria/hook/cmake_prefix_path.dsv'
[0.371s] INFO:colcon.colcon_core.shell:Creating environment hook '/home/eb/ros2_ws/src/install/phi_aria/share/phi_aria/hook/cmake_prefix_path.sh'
[0.371s] Level 1:colcon.colcon_core.environment:checking '/home/eb/ros2_ws/src/install/phi_aria/lib'
[0.371s] Level 1:colcon.colcon_core.environment:checking '/home/eb/ros2_ws/src/install/phi_aria/bin'
[0.371s] Level 1:colcon.colcon_core.environment:checking '/home/eb/ros2_ws/src/install/phi_aria/lib/pkgconfig/phi_aria.pc'
[0.372s] Level 1:colcon.colcon_core.environment:checking '/home/eb/ros2_ws/src/install/phi_aria/lib/python3.10/site-packages'
[0.372s] Level 1:colcon.colcon_core.environment:checking '/home/eb/ros2_ws/src/install/phi_aria/bin'
[0.372s] INFO:colcon.colcon_core.shell:Creating package script '/home/eb/ros2_ws/src/install/phi_aria/share/phi_aria/package.ps1'
[0.372s] INFO:colcon.colcon_core.shell:Creating package descriptor '/home/eb/ros2_ws/src/install/phi_aria/share/phi_aria/package.dsv'
[0.373s] INFO:colcon.colcon_core.shell:Creating package script '/home/eb/ros2_ws/src/install/phi_aria/share/phi_aria/package.sh'
[0.373s] INFO:colcon.colcon_core.shell:Creating package script '/home/eb/ros2_ws/src/install/phi_aria/share/phi_aria/package.bash'
[0.373s] INFO:colcon.colcon_core.shell:Creating package script '/home/eb/ros2_ws/src/install/phi_aria/share/phi_aria/package.zsh'
[0.374s] Level 1:colcon.colcon_core.environment:create_file_with_runtime_dependencies(/home/eb/ros2_ws/src/install/phi_aria/share/colcon-core/packages/phi_aria)
[11.861s] DEBUG:colcon.colcon_core.event_handler.log_command:Invoked command in '/home/eb/ros2_ws/src/build/tp1' returned '0': CMAKE_PREFIX_PATH=${CMAKE_PREFIX_PATH}:/opt/ros/humble /usr/bin/cmake --build /home/eb/ros2_ws/src/build/tp1 -- -j12 -l12
[11.866s] DEBUG:colcon.colcon_core.event_handler.log_command:Invoking command in '/home/eb/ros2_ws/src/build/tp1': CMAKE_PREFIX_PATH=${CMAKE_PREFIX_PATH}:/opt/ros/humble /usr/bin/cmake --install /home/eb/ros2_ws/src/build/tp1
[11.897s] Level 1:colcon.colcon_core.environment:create_environment_scripts_only(tp1)
[11.897s] DEBUG:colcon.colcon_core.event_handler.log_command:Invoked command in '/home/eb/ros2_ws/src/build/tp1' returned '0': CMAKE_PREFIX_PATH=${CMAKE_PREFIX_PATH}:/opt/ros/humble /usr/bin/cmake --install /home/eb/ros2_ws/src/build/tp1
[11.898s] Level 1:colcon.colcon_core.environment:checking '/home/eb/ros2_ws/src/install/tp1' for CMake module files
[11.898s] Level 1:colcon.colcon_core.environment:checking '/home/eb/ros2_ws/src/install/tp1' for CMake config files
[11.899s] Level 1:colcon.colcon_core.shell:create_environment_hook('tp1', 'cmake_prefix_path')
[11.899s] INFO:colcon.colcon_core.shell:Creating environment hook '/home/eb/ros2_ws/src/install/tp1/share/tp1/hook/cmake_prefix_path.ps1'
[11.900s] INFO:colcon.colcon_core.shell:Creating environment descriptor '/home/eb/ros2_ws/src/install/tp1/share/tp1/hook/cmake_prefix_path.dsv'
[11.900s] INFO:colcon.colcon_core.shell:Creating environment hook '/home/eb/ros2_ws/src/install/tp1/share/tp1/hook/cmake_prefix_path.sh'
[11.901s] Level 1:colcon.colcon_core.environment:checking '/home/eb/ros2_ws/src/install/tp1/lib'
[11.901s] Level 1:colcon.colcon_core.environment:checking '/home/eb/ros2_ws/src/install/tp1/bin'
[11.901s] Level 1:colcon.colcon_core.environment:checking '/home/eb/ros2_ws/src/install/tp1/lib/pkgconfig/tp1.pc'
[11.901s] Level 1:colcon.colcon_core.environment:checking '/home/eb/ros2_ws/src/install/tp1/lib/python3.10/site-packages'
[11.901s] Level 1:colcon.colcon_core.environment:checking '/home/eb/ros2_ws/src/install/tp1/bin'
[11.902s] INFO:colcon.colcon_core.shell:Creating package script '/home/eb/ros2_ws/src/install/tp1/share/tp1/package.ps1'
[11.902s] INFO:colcon.colcon_core.shell:Creating package descriptor '/home/eb/ros2_ws/src/install/tp1/share/tp1/package.dsv'
[11.903s] INFO:colcon.colcon_core.shell:Creating package script '/home/eb/ros2_ws/src/install/tp1/share/tp1/package.sh'
[11.903s] INFO:colcon.colcon_core.shell:Creating package script '/home/eb/ros2_ws/src/install/tp1/share/tp1/package.bash'
[11.903s] INFO:colcon.colcon_core.shell:Creating package script '/home/eb/ros2_ws/src/install/tp1/share/tp1/package.zsh'
[11.904s] Level 1:colcon.colcon_core.environment:create_file_with_runtime_dependencies(/home/eb/ros2_ws/src/install/tp1/share/colcon-core/packages/tp1)
[11.904s] Level 1:colcon.colcon_core.environment:create_environment_scripts_only(tp1)
[11.905s] Level 1:colcon.colcon_core.environment:checking '/home/eb/ros2_ws/src/install/tp1' for CMake module files
[11.905s] Level 1:colcon.colcon_core.environment:checking '/home/eb/ros2_ws/src/install/tp1' for CMake config files
[11.905s] Level 1:colcon.colcon_core.shell:create_environment_hook('tp1', 'cmake_prefix_path')
[11.905s] INFO:colcon.colcon_core.shell:Creating environment hook '/home/eb/ros2_ws/src/install/tp1/share/tp1/hook/cmake_prefix_path.ps1'
[11.906s] INFO:colcon.colcon_core.shell:Creating environment descriptor '/home/eb/ros2_ws/src/install/tp1/share/tp1/hook/cmake_prefix_path.dsv'
[11.906s] INFO:colcon.colcon_core.shell:Creating environment hook '/home/eb/ros2_ws/src/install/tp1/share/tp1/hook/cmake_prefix_path.sh'
[11.907s] Level 1:colcon.colcon_core.environment:checking '/home/eb/ros2_ws/src/install/tp1/lib'
[11.907s] Level 1:colcon.colcon_core.environment:checking '/home/eb/ros2_ws/src/install/tp1/bin'
[11.907s] Level 1:colcon.colcon_core.environment:checking '/home/eb/ros2_ws/src/install/tp1/lib/pkgconfig/tp1.pc'
[11.907s] Level 1:colcon.colcon_core.environment:checking '/home/eb/ros2_ws/src/install/tp1/lib/python3.10/site-packages'
[11.907s] Level 1:colcon.colcon_core.environment:checking '/home/eb/ros2_ws/src/install/tp1/bin'
[11.908s] INFO:colcon.colcon_core.shell:Creating package script '/home/eb/ros2_ws/src/install/tp1/share/tp1/package.ps1'
[11.908s] INFO:colcon.colcon_core.shell:Creating package descriptor '/home/eb/ros2_ws/src/install/tp1/share/tp1/package.dsv'
[11.909s] INFO:colcon.colcon_core.shell:Creating package script '/home/eb/ros2_ws/src/install/tp1/share/tp1/package.sh'
[11.909s] INFO:colcon.colcon_core.shell:Creating package script '/home/eb/ros2_ws/src/install/tp1/share/tp1/package.bash'
[11.909s] INFO:colcon.colcon_core.shell:Creating package script '/home/eb/ros2_ws/src/install/tp1/share/tp1/package.zsh'
[11.910s] Level 1:colcon.colcon_core.environment:create_file_with_runtime_dependencies(/home/eb/ros2_ws/src/install/tp1/share/colcon-core/packages/tp1)
[11.910s] DEBUG:colcon.colcon_parallel_executor.executor.parallel:closing loop
[11.910s] DEBUG:colcon.colcon_parallel_executor.executor.parallel:loop closed
[11.910s] DEBUG:colcon.colcon_parallel_executor.executor.parallel:run_until_complete finished with '0'
[11.910s] DEBUG:colcon.colcon_core.event_reactor:joining thread
[11.914s] INFO:colcon.colcon_core.plugin_system:Skipping extension 'colcon_notification.desktop_notification.terminal_notifier': Not used on non-Darwin systems
[11.914s] INFO:colcon.colcon_core.plugin_system:Skipping extension 'colcon_notification.desktop_notification.win32': Not used on non-Windows systems
[11.914s] INFO:colcon.colcon_notification.desktop_notification:Sending desktop notification using 'notify2'
[11.923s] DEBUG:colcon.colcon_core.event_reactor:joined thread
[11.923s] INFO:colcon.colcon_core.shell:Creating prefix script '/home/eb/ros2_ws/src/install/local_setup.ps1'
[11.924s] INFO:colcon.colcon_core.shell:Creating prefix util module '/home/eb/ros2_ws/src/install/_local_setup_util_ps1.py'
[11.926s] INFO:colcon.colcon_core.shell:Creating prefix chain script '/home/eb/ros2_ws/src/install/setup.ps1'
[11.927s] INFO:colcon.colcon_core.shell:Creating prefix script '/home/eb/ros2_ws/src/install/local_setup.sh'
[11.928s] INFO:colcon.colcon_core.shell:Creating prefix util module '/home/eb/ros2_ws/src/install/_local_setup_util_sh.py'
[11.929s] INFO:colcon.colcon_core.shell:Creating prefix chain script '/home/eb/ros2_ws/src/install/setup.sh'
[11.929s] INFO:colcon.colcon_core.shell:Creating prefix script '/home/eb/ros2_ws/src/install/local_setup.bash'
[11.930s] INFO:colcon.colcon_core.shell:Creating prefix chain script '/home/eb/ros2_ws/src/install/setup.bash'
[11.931s] INFO:colcon.colcon_core.shell:Creating prefix script '/home/eb/ros2_ws/src/install/local_setup.zsh'
[11.931s] INFO:colcon.colcon_core.shell:Creating prefix chain script '/home/eb/ros2_ws/src/install/setup.zsh'
