[0.203s] DEBUG:colcon:Command line arguments: ['/usr/bin/colcon', 'build']
[0.204s] DEBUG:colcon:Parsed command line arguments: Namespace(log_base=None, log_level=None, verb_name='build', build_base='build', install_base='install', merge_install=False, symlink_install=False, test_result_base=None, continue_on_error=False, executor='parallel', parallel_workers=12, event_handlers=None, ignore_user_meta=False, metas=['./colcon.meta'], base_paths=['.'], packages_ignore=None, packages_ignore_regex=None, paths=None, packages_up_to=None, packages_up_to_regex=None, packages_above=None, packages_above_and_dependencies=None, packages_above_depth=None, packages_select_by_dep=None, packages_skip_by_dep=None, packages_skip_up_to=None, packages_select_build_failed=False, packages_skip_build_finished=False, packages_select_test_failures=False, packages_skip_test_passed=False, packages_select=None, packages_skip=None, packages_select_regex=None, packages_skip_regex=None, packages_start=None, packages_end=None, allow_overriding=[], cmake_args=None, cmake_target=None, cmake_target_skip_unavailable=False, cmake_clean_cache=False, cmake_clean_first=False, cmake_force_configure=False, ament_cmake_args=None, catkin_cmake_args=None, catkin_skip_building_tests=False, mixin_files=None, mixin=None, verb_parser=<colcon_mixin.mixin.mixin_argument.MixinArgumentDecorator object at 0x7398b1f5d3c0>, verb_extension=<colcon_core.verb.build.BuildVerb object at 0x7398b1f5cdf0>, main=<bound method BuildVerb.main of <colcon_core.verb.build.BuildVerb object at 0x7398b1f5cdf0>>, mixin_verb=('build',))
[0.557s] Level 1:colcon.colcon_core.package_discovery:discover_packages(colcon_meta) check parameters
[0.558s] Level 1:colcon.colcon_core.package_discovery:discover_packages(recursive) check parameters
[0.558s] Level 1:colcon.colcon_core.package_discovery:discover_packages(ignore) check parameters
[0.558s] Level 1:colcon.colcon_core.package_discovery:discover_packages(path) check parameters
[0.558s] Level 1:colcon.colcon_core.package_discovery:discover_packages(colcon_meta) discover
[0.558s] Level 1:colcon.colcon_core.package_discovery:discover_packages(recursive) discover
[0.559s] INFO:colcon.colcon_core.package_discovery:Crawling recursively for packages in '/home/eb/ros2_ws'
[0.559s] Level 1:colcon.colcon_core.package_identification:_identify(.) by extensions ['ignore', 'ignore_ament_install']
[0.560s] Level 1:colcon.colcon_core.package_identification:_identify(.) by extension 'ignore'
[0.561s] Level 1:colcon.colcon_core.package_identification:_identify(.) by extension 'ignore_ament_install'
[0.561s] Level 1:colcon.colcon_core.package_identification:_identify(.) by extensions ['colcon_pkg']
[0.561s] Level 1:colcon.colcon_core.package_identification:_identify(.) by extension 'colcon_pkg'
[0.561s] Level 1:colcon.colcon_core.package_identification:_identify(.) by extensions ['colcon_meta']
[0.561s] Level 1:colcon.colcon_core.package_identification:_identify(.) by extension 'colcon_meta'
[0.561s] Level 1:colcon.colcon_core.package_identification:_identify(.) by extensions ['ros']
[0.561s] Level 1:colcon.colcon_core.package_identification:_identify(.) by extension 'ros'
[0.596s] Level 1:colcon.colcon_core.package_identification:_identify(.) by extensions ['cmake', 'python']
[0.597s] Level 1:colcon.colcon_core.package_identification:_identify(.) by extension 'cmake'
[0.597s] Level 1:colcon.colcon_core.package_identification:_identify(.) by extension 'python'
[0.597s] Level 1:colcon.colcon_core.package_identification:_identify(.) by extensions ['python_setup_py']
[0.597s] Level 1:colcon.colcon_core.package_identification:_identify(.) by extension 'python_setup_py'
[0.597s] Level 1:colcon.colcon_core.package_identification:_identify(build) by extensions ['ignore', 'ignore_ament_install']
[0.598s] Level 1:colcon.colcon_core.package_identification:_identify(build) by extension 'ignore'
[0.598s] Level 1:colcon.colcon_core.package_identification:_identify(build) ignored
[0.598s] Level 1:colcon.colcon_core.package_identification:_identify(install) by extensions ['ignore', 'ignore_ament_install']
[0.598s] Level 1:colcon.colcon_core.package_identification:_identify(install) by extension 'ignore'
[0.598s] Level 1:colcon.colcon_core.package_identification:_identify(install) ignored
[0.599s] Level 1:colcon.colcon_core.package_identification:_identify(log) by extensions ['ignore', 'ignore_ament_install']
[0.599s] Level 1:colcon.colcon_core.package_identification:_identify(log) by extension 'ignore'
[0.599s] Level 1:colcon.colcon_core.package_identification:_identify(log) ignored
[0.599s] Level 1:colcon.colcon_core.package_identification:_identify(src) by extensions ['ignore', 'ignore_ament_install']
[0.599s] Level 1:colcon.colcon_core.package_identification:_identify(src) by extension 'ignore'
[0.599s] Level 1:colcon.colcon_core.package_identification:_identify(src) by extension 'ignore_ament_install'
[0.599s] Level 1:colcon.colcon_core.package_identification:_identify(src) by extensions ['colcon_pkg']
[0.599s] Level 1:colcon.colcon_core.package_identification:_identify(src) by extension 'colcon_pkg'
[0.599s] Level 1:colcon.colcon_core.package_identification:_identify(src) by extensions ['colcon_meta']
[0.599s] Level 1:colcon.colcon_core.package_identification:_identify(src) by extension 'colcon_meta'
[0.599s] Level 1:colcon.colcon_core.package_identification:_identify(src) by extensions ['ros']
[0.599s] Level 1:colcon.colcon_core.package_identification:_identify(src) by extension 'ros'
[0.600s] Level 1:colcon.colcon_core.package_identification:_identify(src) by extensions ['cmake', 'python']
[0.600s] Level 1:colcon.colcon_core.package_identification:_identify(src) by extension 'cmake'
[0.600s] Level 1:colcon.colcon_core.package_identification:_identify(src) by extension 'python'
[0.600s] Level 1:colcon.colcon_core.package_identification:_identify(src) by extensions ['python_setup_py']
[0.600s] Level 1:colcon.colcon_core.package_identification:_identify(src) by extension 'python_setup_py'
[0.600s] Level 1:colcon.colcon_core.package_identification:_identify(src/build) by extensions ['ignore', 'ignore_ament_install']
[0.600s] Level 1:colcon.colcon_core.package_identification:_identify(src/build) by extension 'ignore'
[0.600s] Level 1:colcon.colcon_core.package_identification:_identify(src/build) ignored
[0.600s] Level 1:colcon.colcon_core.package_identification:_identify(src/install) by extensions ['ignore', 'ignore_ament_install']
[0.601s] Level 1:colcon.colcon_core.package_identification:_identify(src/install) by extension 'ignore'
[0.601s] Level 1:colcon.colcon_core.package_identification:_identify(src/install) ignored
[0.601s] Level 1:colcon.colcon_core.package_identification:_identify(src/log) by extensions ['ignore', 'ignore_ament_install']
[0.601s] Level 1:colcon.colcon_core.package_identification:_identify(src/log) by extension 'ignore'
[0.601s] Level 1:colcon.colcon_core.package_identification:_identify(src/log) ignored
[0.601s] Level 1:colcon.colcon_core.package_identification:_identify(src/phi_aria) by extensions ['ignore', 'ignore_ament_install']
[0.601s] Level 1:colcon.colcon_core.package_identification:_identify(src/phi_aria) by extension 'ignore'
[0.601s] Level 1:colcon.colcon_core.package_identification:_identify(src/phi_aria) by extension 'ignore_ament_install'
[0.601s] Level 1:colcon.colcon_core.package_identification:_identify(src/phi_aria) by extensions ['colcon_pkg']
[0.601s] Level 1:colcon.colcon_core.package_identification:_identify(src/phi_aria) by extension 'colcon_pkg'
[0.601s] Level 1:colcon.colcon_core.package_identification:_identify(src/phi_aria) by extensions ['colcon_meta']
[0.601s] Level 1:colcon.colcon_core.package_identification:_identify(src/phi_aria) by extension 'colcon_meta'
[0.602s] Level 1:colcon.colcon_core.package_identification:_identify(src/phi_aria) by extensions ['ros']
[0.602s] Level 1:colcon.colcon_core.package_identification:_identify(src/phi_aria) by extension 'ros'
[0.607s] DEBUG:colcon.colcon_core.package_identification:Package 'src/phi_aria' with type 'ros.ament_cmake' and name 'phi_aria'
[0.608s] Level 1:colcon.colcon_core.package_identification:_identify(src/tp1) by extensions ['ignore', 'ignore_ament_install']
[0.608s] Level 1:colcon.colcon_core.package_identification:_identify(src/tp1) by extension 'ignore'
[0.608s] Level 1:colcon.colcon_core.package_identification:_identify(src/tp1) by extension 'ignore_ament_install'
[0.608s] Level 1:colcon.colcon_core.package_identification:_identify(src/tp1) by extensions ['colcon_pkg']
[0.608s] Level 1:colcon.colcon_core.package_identification:_identify(src/tp1) by extension 'colcon_pkg'
[0.608s] Level 1:colcon.colcon_core.package_identification:_identify(src/tp1) by extensions ['colcon_meta']
[0.608s] Level 1:colcon.colcon_core.package_identification:_identify(src/tp1) by extension 'colcon_meta'
[0.608s] Level 1:colcon.colcon_core.package_identification:_identify(src/tp1) by extensions ['ros']
[0.609s] Level 1:colcon.colcon_core.package_identification:_identify(src/tp1) by extension 'ros'
[0.610s] DEBUG:colcon.colcon_core.package_identification:Package 'src/tp1' with type 'ros.ament_cmake' and name 'tp1'
[0.610s] Level 1:colcon.colcon_core.package_discovery:discover_packages(recursive) using defaults
[0.610s] Level 1:colcon.colcon_core.package_discovery:discover_packages(ignore) discover
[0.611s] Level 1:colcon.colcon_core.package_discovery:discover_packages(ignore) using defaults
[0.611s] Level 1:colcon.colcon_core.package_discovery:discover_packages(path) discover
[0.611s] Level 1:colcon.colcon_core.package_discovery:discover_packages(path) using defaults
[0.756s] Level 1:colcon.colcon_core.package_discovery:discover_packages(prefix_path) check parameters
[0.756s] Level 1:colcon.colcon_core.package_discovery:discover_packages(prefix_path) discover
[0.759s] DEBUG:colcon.colcon_installed_package_information.package_discovery:Found 2 installed packages in /home/eb/ros2_ws/install
[0.760s] DEBUG:colcon.colcon_installed_package_information.package_discovery:Found 272 installed packages in /opt/ros/humble
[0.763s] Level 1:colcon.colcon_core.package_discovery:discover_packages(prefix_path) using defaults
[0.834s] Level 5:colcon.colcon_core.verb:set package 'phi_aria' build argument 'cmake_args' from command line to 'None'
[0.834s] Level 5:colcon.colcon_core.verb:set package 'phi_aria' build argument 'cmake_target' from command line to 'None'
[0.834s] Level 5:colcon.colcon_core.verb:set package 'phi_aria' build argument 'cmake_target_skip_unavailable' from command line to 'False'
[0.834s] Level 5:colcon.colcon_core.verb:set package 'phi_aria' build argument 'cmake_clean_cache' from command line to 'False'
[0.834s] Level 5:colcon.colcon_core.verb:set package 'phi_aria' build argument 'cmake_clean_first' from command line to 'False'
[0.834s] Level 5:colcon.colcon_core.verb:set package 'phi_aria' build argument 'cmake_force_configure' from command line to 'False'
[0.834s] Level 5:colcon.colcon_core.verb:set package 'phi_aria' build argument 'ament_cmake_args' from command line to 'None'
[0.834s] Level 5:colcon.colcon_core.verb:set package 'phi_aria' build argument 'catkin_cmake_args' from command line to 'None'
[0.834s] Level 5:colcon.colcon_core.verb:set package 'phi_aria' build argument 'catkin_skip_building_tests' from command line to 'False'
[0.834s] DEBUG:colcon.colcon_core.verb:Building package 'phi_aria' with the following arguments: {'ament_cmake_args': None, 'build_base': '/home/eb/ros2_ws/build/phi_aria', 'catkin_cmake_args': None, 'catkin_skip_building_tests': False, 'cmake_args': None, 'cmake_clean_cache': False, 'cmake_clean_first': False, 'cmake_force_configure': False, 'cmake_target': None, 'cmake_target_skip_unavailable': False, 'install_base': '/home/eb/ros2_ws/install/phi_aria', 'merge_install': False, 'path': '/home/eb/ros2_ws/src/phi_aria', 'symlink_install': False, 'test_result_base': None}
[0.835s] Level 5:colcon.colcon_core.verb:set package 'tp1' build argument 'cmake_args' from command line to 'None'
[0.835s] Level 5:colcon.colcon_core.verb:set package 'tp1' build argument 'cmake_target' from command line to 'None'
[0.835s] Level 5:colcon.colcon_core.verb:set package 'tp1' build argument 'cmake_target_skip_unavailable' from command line to 'False'
[0.835s] Level 5:colcon.colcon_core.verb:set package 'tp1' build argument 'cmake_clean_cache' from command line to 'False'
[0.835s] Level 5:colcon.colcon_core.verb:set package 'tp1' build argument 'cmake_clean_first' from command line to 'False'
[0.835s] Level 5:colcon.colcon_core.verb:set package 'tp1' build argument 'cmake_force_configure' from command line to 'False'
[0.835s] Level 5:colcon.colcon_core.verb:set package 'tp1' build argument 'ament_cmake_args' from command line to 'None'
[0.835s] Level 5:colcon.colcon_core.verb:set package 'tp1' build argument 'catkin_cmake_args' from command line to 'None'
[0.835s] Level 5:colcon.colcon_core.verb:set package 'tp1' build argument 'catkin_skip_building_tests' from command line to 'False'
[0.835s] DEBUG:colcon.colcon_core.verb:Building package 'tp1' with the following arguments: {'ament_cmake_args': None, 'build_base': '/home/eb/ros2_ws/build/tp1', 'catkin_cmake_args': None, 'catkin_skip_building_tests': False, 'cmake_args': None, 'cmake_clean_cache': False, 'cmake_clean_first': False, 'cmake_force_configure': False, 'cmake_target': None, 'cmake_target_skip_unavailable': False, 'install_base': '/home/eb/ros2_ws/install/tp1', 'merge_install': False, 'path': '/home/eb/ros2_ws/src/tp1', 'symlink_install': False, 'test_result_base': None}
[0.835s] INFO:colcon.colcon_core.executor:Executing jobs using 'parallel' executor
[0.837s] DEBUG:colcon.colcon_parallel_executor.executor.parallel:run_until_complete
[0.837s] INFO:colcon.colcon_ros.task.ament_cmake.build:Building ROS package in '/home/eb/ros2_ws/src/phi_aria' with build type 'ament_cmake'
[0.838s] INFO:colcon.colcon_cmake.task.cmake.build:Building CMake package in '/home/eb/ros2_ws/src/phi_aria'
[0.841s] INFO:colcon.colcon_core.plugin_system:Skipping extension 'colcon_core.shell.bat': Not used on non-Windows systems
[0.841s] INFO:colcon.colcon_core.shell:Skip shell extension 'powershell' for command environment: Not usable outside of PowerShell
[0.841s] DEBUG:colcon.colcon_core.shell:Skip shell extension 'dsv' for command environment
[0.852s] INFO:colcon.colcon_ros.task.ament_cmake.build:Building ROS package in '/home/eb/ros2_ws/src/tp1' with build type 'ament_cmake'
[0.853s] INFO:colcon.colcon_cmake.task.cmake.build:Building CMake package in '/home/eb/ros2_ws/src/tp1'
[0.854s] INFO:colcon.colcon_core.shell:Skip shell extension 'powershell' for command environment: Not usable outside of PowerShell
[0.854s] DEBUG:colcon.colcon_core.shell:Skip shell extension 'dsv' for command environment
[0.872s] DEBUG:colcon.colcon_core.event_handler.log_command:Invoking command in '/home/eb/ros2_ws/build/phi_aria': CMAKE_PREFIX_PATH=${CMAKE_PREFIX_PATH}:/opt/ros/humble /usr/bin/cmake --build /home/eb/ros2_ws/build/phi_aria -- -j12 -l12
[0.889s] DEBUG:colcon.colcon_core.event_handler.log_command:Invoking command in '/home/eb/ros2_ws/build/tp1': CMAKE_PREFIX_PATH=${CMAKE_PREFIX_PATH}:/opt/ros/humble /usr/bin/cmake --build /home/eb/ros2_ws/build/tp1 -- -j12 -l12
[1.064s] DEBUG:colcon.colcon_core.event_handler.log_command:Invoked command in '/home/eb/ros2_ws/build/phi_aria' returned '0': CMAKE_PREFIX_PATH=${CMAKE_PREFIX_PATH}:/opt/ros/humble /usr/bin/cmake --build /home/eb/ros2_ws/build/phi_aria -- -j12 -l12
[1.096s] DEBUG:colcon.colcon_core.event_handler.log_command:Invoking command in '/home/eb/ros2_ws/build/phi_aria': CMAKE_PREFIX_PATH=${CMAKE_PREFIX_PATH}:/opt/ros/humble /usr/bin/cmake --install /home/eb/ros2_ws/build/phi_aria
[1.133s] Level 1:colcon.colcon_core.environment:create_environment_scripts_only(phi_aria)
[1.161s] Level 1:colcon.colcon_core.environment:checking '/home/eb/ros2_ws/install/phi_aria' for CMake module files
[1.164s] Level 1:colcon.colcon_core.environment:checking '/home/eb/ros2_ws/install/phi_aria' for CMake config files
[1.165s] Level 1:colcon.colcon_core.shell:create_environment_hook('phi_aria', 'cmake_prefix_path')
[1.167s] INFO:colcon.colcon_core.shell:Creating environment hook '/home/eb/ros2_ws/install/phi_aria/share/phi_aria/hook/cmake_prefix_path.ps1'
[1.174s] DEBUG:colcon.colcon_core.event_handler.log_command:Invoked command in '/home/eb/ros2_ws/build/phi_aria' returned '0': CMAKE_PREFIX_PATH=${CMAKE_PREFIX_PATH}:/opt/ros/humble /usr/bin/cmake --install /home/eb/ros2_ws/build/phi_aria
[1.176s] INFO:colcon.colcon_core.shell:Creating environment descriptor '/home/eb/ros2_ws/install/phi_aria/share/phi_aria/hook/cmake_prefix_path.dsv'
[1.177s] INFO:colcon.colcon_core.shell:Creating environment hook '/home/eb/ros2_ws/install/phi_aria/share/phi_aria/hook/cmake_prefix_path.sh'
[1.181s] Level 1:colcon.colcon_core.environment:checking '/home/eb/ros2_ws/install/phi_aria/lib'
[1.182s] Level 1:colcon.colcon_core.environment:checking '/home/eb/ros2_ws/install/phi_aria/bin'
[1.182s] Level 1:colcon.colcon_core.environment:checking '/home/eb/ros2_ws/install/phi_aria/lib/pkgconfig/phi_aria.pc'
[1.182s] Level 1:colcon.colcon_core.environment:checking '/home/eb/ros2_ws/install/phi_aria/lib/python3.10/site-packages'
[1.183s] Level 1:colcon.colcon_core.environment:checking '/home/eb/ros2_ws/install/phi_aria/bin'
[1.183s] INFO:colcon.colcon_core.shell:Creating package script '/home/eb/ros2_ws/install/phi_aria/share/phi_aria/package.ps1'
[1.186s] INFO:colcon.colcon_core.shell:Creating package descriptor '/home/eb/ros2_ws/install/phi_aria/share/phi_aria/package.dsv'
[1.189s] INFO:colcon.colcon_core.shell:Creating package script '/home/eb/ros2_ws/install/phi_aria/share/phi_aria/package.sh'
[1.193s] INFO:colcon.colcon_core.shell:Creating package script '/home/eb/ros2_ws/install/phi_aria/share/phi_aria/package.bash'
[1.197s] INFO:colcon.colcon_core.shell:Creating package script '/home/eb/ros2_ws/install/phi_aria/share/phi_aria/package.zsh'
[1.204s] Level 1:colcon.colcon_core.environment:create_file_with_runtime_dependencies(/home/eb/ros2_ws/install/phi_aria/share/colcon-core/packages/phi_aria)
[1.208s] Level 1:colcon.colcon_core.environment:create_environment_scripts_only(phi_aria)
[1.210s] Level 1:colcon.colcon_core.environment:checking '/home/eb/ros2_ws/install/phi_aria' for CMake module files
[1.212s] Level 1:colcon.colcon_core.environment:checking '/home/eb/ros2_ws/install/phi_aria' for CMake config files
[1.213s] Level 1:colcon.colcon_core.shell:create_environment_hook('phi_aria', 'cmake_prefix_path')
[1.215s] INFO:colcon.colcon_core.shell:Creating environment hook '/home/eb/ros2_ws/install/phi_aria/share/phi_aria/hook/cmake_prefix_path.ps1'
[1.218s] INFO:colcon.colcon_core.shell:Creating environment descriptor '/home/eb/ros2_ws/install/phi_aria/share/phi_aria/hook/cmake_prefix_path.dsv'
[1.219s] INFO:colcon.colcon_core.shell:Creating environment hook '/home/eb/ros2_ws/install/phi_aria/share/phi_aria/hook/cmake_prefix_path.sh'
[1.223s] Level 1:colcon.colcon_core.environment:checking '/home/eb/ros2_ws/install/phi_aria/lib'
[1.223s] Level 1:colcon.colcon_core.environment:checking '/home/eb/ros2_ws/install/phi_aria/bin'
[1.224s] Level 1:colcon.colcon_core.environment:checking '/home/eb/ros2_ws/install/phi_aria/lib/pkgconfig/phi_aria.pc'
[1.225s] Level 1:colcon.colcon_core.environment:checking '/home/eb/ros2_ws/install/phi_aria/lib/python3.10/site-packages'
[1.225s] Level 1:colcon.colcon_core.environment:checking '/home/eb/ros2_ws/install/phi_aria/bin'
[1.227s] INFO:colcon.colcon_core.shell:Creating package script '/home/eb/ros2_ws/install/phi_aria/share/phi_aria/package.ps1'
[1.232s] INFO:colcon.colcon_core.shell:Creating package descriptor '/home/eb/ros2_ws/install/phi_aria/share/phi_aria/package.dsv'
[1.235s] INFO:colcon.colcon_core.shell:Creating package script '/home/eb/ros2_ws/install/phi_aria/share/phi_aria/package.sh'
[1.240s] INFO:colcon.colcon_core.shell:Creating package script '/home/eb/ros2_ws/install/phi_aria/share/phi_aria/package.bash'
[1.245s] INFO:colcon.colcon_core.shell:Creating package script '/home/eb/ros2_ws/install/phi_aria/share/phi_aria/package.zsh'
[1.251s] Level 1:colcon.colcon_core.environment:create_file_with_runtime_dependencies(/home/eb/ros2_ws/install/phi_aria/share/colcon-core/packages/phi_aria)
[40.165s] DEBUG:colcon.colcon_core.event_handler.log_command:Invoked command in '/home/eb/ros2_ws/build/tp1' returned '2': CMAKE_PREFIX_PATH=${CMAKE_PREFIX_PATH}:/opt/ros/humble /usr/bin/cmake --build /home/eb/ros2_ws/build/tp1 -- -j12 -l12
[40.165s] Level 1:colcon.colcon_core.environment:create_environment_scripts_only(tp1)
[40.166s] Level 1:colcon.colcon_core.environment:checking '/home/eb/ros2_ws/install/tp1' for CMake module files
[40.166s] Level 1:colcon.colcon_core.environment:checking '/home/eb/ros2_ws/install/tp1' for CMake config files
[40.166s] Level 1:colcon.colcon_core.shell:create_environment_hook('tp1', 'cmake_prefix_path')
[40.166s] INFO:colcon.colcon_core.shell:Creating environment hook '/home/eb/ros2_ws/install/tp1/share/tp1/hook/cmake_prefix_path.ps1'
[40.167s] INFO:colcon.colcon_core.shell:Creating environment descriptor '/home/eb/ros2_ws/install/tp1/share/tp1/hook/cmake_prefix_path.dsv'
[40.167s] INFO:colcon.colcon_core.shell:Creating environment hook '/home/eb/ros2_ws/install/tp1/share/tp1/hook/cmake_prefix_path.sh'
[40.168s] Level 1:colcon.colcon_core.environment:checking '/home/eb/ros2_ws/install/tp1/lib'
[40.168s] Level 1:colcon.colcon_core.environment:checking '/home/eb/ros2_ws/install/tp1/bin'
[40.169s] Level 1:colcon.colcon_core.environment:checking '/home/eb/ros2_ws/install/tp1/lib/pkgconfig/tp1.pc'
[40.169s] Level 1:colcon.colcon_core.environment:checking '/home/eb/ros2_ws/install/tp1/lib/python3.10/site-packages'
[40.169s] Level 1:colcon.colcon_core.environment:checking '/home/eb/ros2_ws/install/tp1/bin'
[40.170s] INFO:colcon.colcon_core.shell:Creating package script '/home/eb/ros2_ws/install/tp1/share/tp1/package.ps1'
[40.171s] INFO:colcon.colcon_core.shell:Creating package descriptor '/home/eb/ros2_ws/install/tp1/share/tp1/package.dsv'
[40.172s] INFO:colcon.colcon_core.shell:Creating package script '/home/eb/ros2_ws/install/tp1/share/tp1/package.sh'
[40.173s] INFO:colcon.colcon_core.shell:Creating package script '/home/eb/ros2_ws/install/tp1/share/tp1/package.bash'
[40.174s] INFO:colcon.colcon_core.shell:Creating package script '/home/eb/ros2_ws/install/tp1/share/tp1/package.zsh'
[40.175s] Level 1:colcon.colcon_core.environment:create_file_with_runtime_dependencies(/home/eb/ros2_ws/install/tp1/share/colcon-core/packages/tp1)
[40.186s] DEBUG:colcon.colcon_parallel_executor.executor.parallel:closing loop
[40.188s] DEBUG:colcon.colcon_parallel_executor.executor.parallel:loop closed
[40.188s] DEBUG:colcon.colcon_parallel_executor.executor.parallel:run_until_complete finished with '2'
[40.188s] DEBUG:colcon.colcon_core.event_reactor:joining thread
[40.203s] INFO:colcon.colcon_core.plugin_system:Skipping extension 'colcon_notification.desktop_notification.terminal_notifier': Not used on non-Darwin systems
[40.203s] INFO:colcon.colcon_core.plugin_system:Skipping extension 'colcon_notification.desktop_notification.win32': Not used on non-Windows systems
[40.203s] INFO:colcon.colcon_notification.desktop_notification:Sending desktop notification using 'notify2'
[40.226s] DEBUG:colcon.colcon_core.event_reactor:joined thread
[40.227s] INFO:colcon.colcon_core.shell:Creating prefix script '/home/eb/ros2_ws/install/local_setup.ps1'
[40.228s] INFO:colcon.colcon_core.shell:Creating prefix util module '/home/eb/ros2_ws/install/_local_setup_util_ps1.py'
[40.229s] INFO:colcon.colcon_core.shell:Creating prefix chain script '/home/eb/ros2_ws/install/setup.ps1'
[40.230s] INFO:colcon.colcon_core.shell:Creating prefix script '/home/eb/ros2_ws/install/local_setup.sh'
[40.231s] INFO:colcon.colcon_core.shell:Creating prefix util module '/home/eb/ros2_ws/install/_local_setup_util_sh.py'
[40.232s] INFO:colcon.colcon_core.shell:Creating prefix chain script '/home/eb/ros2_ws/install/setup.sh'
[40.233s] INFO:colcon.colcon_core.shell:Creating prefix script '/home/eb/ros2_ws/install/local_setup.bash'
[40.234s] INFO:colcon.colcon_core.shell:Creating prefix chain script '/home/eb/ros2_ws/install/setup.bash'
[40.237s] INFO:colcon.colcon_core.shell:Creating prefix script '/home/eb/ros2_ws/install/local_setup.zsh'
[40.238s] INFO:colcon.colcon_core.shell:Creating prefix chain script '/home/eb/ros2_ws/install/setup.zsh'
