[0.009s] Invoking command in '/home/eb/ros2_ws/src/build/tp1': CMAKE_PREFIX_PATH=${CMAKE_PREFIX_PATH}:/opt/ros/humble /usr/bin/cmake --build /home/eb/ros2_ws/src/build/tp1 -- -j12 -l12
[0.039s] [35m[1mConsolidate compiler generated dependencies of target navigation[0m
[0.055s] [ 16%] [32mBuilding CXX object CMakeFiles/navigation.dir/src/HimmMap.cpp.o[0m
[0.492s] [ 33%] [32m[1mLinking CXX executable navigation[0m
[1.111s] [100%] Built target navigation
[1.123s] Invoked command in '/home/eb/ros2_ws/src/build/tp1' returned '0': CMAKE_PREFIX_PATH=${CMAKE_PREFIX_PATH}:/opt/ros/humble /usr/bin/cmake --build /home/eb/ros2_ws/src/build/tp1 -- -j12 -l12
[1.124s] Invoking command in '/home/eb/ros2_ws/src/build/tp1': CMAKE_PREFIX_PATH=${CMAKE_PREFIX_PATH}:/opt/ros/humble /usr/bin/cmake --install /home/eb/ros2_ws/src/build/tp1
[1.130s] -- Install configuration: ""
[1.130s] -- Installing: /home/eb/ros2_ws/src/install/tp1/lib/tp1/navigation
[1.136s] -- Set runtime path of "/home/eb/ros2_ws/src/install/tp1/lib/tp1/navigation" to ""
[1.136s] -- Up-to-date: /home/eb/ros2_ws/src/install/tp1/share/tp1/launch
[1.136s] -- Up-to-date: /home/eb/ros2_ws/src/install/tp1/share/tp1/launch/p3dx-rosaria.launch.py
[1.136s] -- Up-to-date: /home/eb/ros2_ws/src/install/tp1/share/tp1/config
[1.136s] -- Up-to-date: /home/eb/ros2_ws/src/install/tp1/share/tp1/config/p3dx.rviz
[1.136s] -- Up-to-date: /home/eb/ros2_ws/src/install/tp1/share/ament_index/resource_index/package_run_dependencies/tp1
[1.136s] -- Up-to-date: /home/eb/ros2_ws/src/install/tp1/share/ament_index/resource_index/parent_prefix_path/tp1
[1.136s] -- Up-to-date: /home/eb/ros2_ws/src/install/tp1/share/tp1/environment/ament_prefix_path.sh
[1.136s] -- Up-to-date: /home/eb/ros2_ws/src/install/tp1/share/tp1/environment/ament_prefix_path.dsv
[1.136s] -- Up-to-date: /home/eb/ros2_ws/src/install/tp1/share/tp1/environment/path.sh
[1.136s] -- Up-to-date: /home/eb/ros2_ws/src/install/tp1/share/tp1/environment/path.dsv
[1.136s] -- Up-to-date: /home/eb/ros2_ws/src/install/tp1/share/tp1/local_setup.bash
[1.136s] -- Up-to-date: /home/eb/ros2_ws/src/install/tp1/share/tp1/local_setup.sh
[1.136s] -- Up-to-date: /home/eb/ros2_ws/src/install/tp1/share/tp1/local_setup.zsh
[1.137s] -- Up-to-date: /home/eb/ros2_ws/src/install/tp1/share/tp1/local_setup.dsv
[1.137s] -- Installing: /home/eb/ros2_ws/src/install/tp1/share/tp1/package.dsv
[1.137s] -- Up-to-date: /home/eb/ros2_ws/src/install/tp1/share/ament_index/resource_index/packages/tp1
[1.137s] -- Up-to-date: /home/eb/ros2_ws/src/install/tp1/share/tp1/cmake/tp1Config.cmake
[1.137s] -- Up-to-date: /home/eb/ros2_ws/src/install/tp1/share/tp1/cmake/tp1Config-version.cmake
[1.137s] -- Up-to-date: /home/eb/ros2_ws/src/install/tp1/share/tp1/package.xml
[1.138s] Invoked command in '/home/eb/ros2_ws/src/build/tp1' returned '0': CMAKE_PREFIX_PATH=${CMAKE_PREFIX_PATH}:/opt/ros/humble /usr/bin/cmake --install /home/eb/ros2_ws/src/build/tp1
