[0.009s] Invoking command in '/home/eb/ros2_ws/src/build/tp1': CMAKE_PREFIX_PATH=${CMAKE_PREFIX_PATH}:/opt/ros/humble /usr/bin/cmake --build /home/eb/ros2_ws/src/build/tp1 -- -j12 -l12
[0.045s] -- Found ament_cmake: 1.3.11 (/opt/ros/humble/share/ament_cmake/cmake)
[0.156s] -- Found nav_msgs: 4.8.0 (/opt/ros/humble/share/nav_msgs/cmake)
[0.183s] -- Found rosidl_generator_c: 3.1.6 (/opt/ros/humble/share/rosidl_generator_c/cmake)
[0.186s] -- Found rosidl_adapter: 3.1.6 (/opt/ros/humble/share/rosidl_adapter/cmake)
[0.192s] -- Found rosidl_generator_cpp: 3.1.6 (/opt/ros/humble/share/rosidl_generator_cpp/cmake)
[0.203s] -- Using all available rosidl_typesupport_c: rosidl_typesupport_fastrtps_c;rosidl_typesupport_introspection_c
[0.215s] -- Using all available rosidl_typesupport_cpp: rosidl_typesupport_fastrtps_cpp;rosidl_typesupport_introspection_cpp
[0.267s] -- Found tf2: 0.25.13 (/opt/ros/humble/share/tf2/cmake)
[0.271s] -- Found tf2_geometry_msgs: 0.25.13 (/opt/ros/humble/share/tf2_geometry_msgs/cmake)
[0.275s] -- Found eigen3_cmake_module: 0.1.1 (/opt/ros/humble/share/eigen3_cmake_module/cmake)
[0.276s] -- Ensuring Eigen3 include directory is part of orocos-kdl CMake target
[0.327s] -- Found rmw_implementation_cmake: 6.1.2 (/opt/ros/humble/share/rmw_implementation_cmake/cmake)
[0.329s] -- Found rmw_fastrtps_cpp: 6.2.7 (/opt/ros/humble/share/rmw_fastrtps_cpp/cmake)
[0.408s] -- Using RMW implementation 'rmw_fastrtps_cpp' as default
[0.506s] -- Found sensor_msgs: 4.8.0 (/opt/ros/humble/share/sensor_msgs/cmake)
[0.522s] [33mCMake Warning (dev) at /usr/share/cmake-3.22/Modules/FindOpenGL.cmake:315 (message):
[0.522s]   Policy CMP0072 is not set: FindOpenGL prefers GLVND by default when
[0.522s]   available.  Run "cmake --help-policy CMP0072" for policy details.  Use the
[0.523s]   cmake_policy command to set the policy and suppress this warning.
[0.523s] 
[0.523s]   FindOpenGL found both a legacy GL library:
[0.523s] 
[0.523s]     OPENGL_gl_LIBRARY: /usr/lib/x86_64-linux-gnu/libGL.so
[0.523s] 
[0.523s]   and GLVND libraries for OpenGL and GLX:
[0.523s] 
[0.523s]     OPENGL_opengl_LIBRARY: /usr/lib/x86_64-linux-gnu/libOpenGL.so
[0.523s]     OPENGL_glx_LIBRARY: /usr/lib/x86_64-linux-gnu/libGLX.so
[0.523s] 
[0.523s]   OpenGL_GL_PREFERENCE has not been set to "GLVND" or "LEGACY", so for
[0.524s]   compatibility with CMake 3.10 and below the legacy GL library will be used.
[0.524s] Call Stack (most recent call first):
[0.524s]   CMakeLists.txt:18 (find_package)
[0.524s] This warning is for project developers.  Use -Wno-dev to suppress it.
[0.524s] [0m
[0.527s] -- Checking for module 'glut'
[0.530s] --   No package 'glut' found
[0.532s] -- Found ament_lint_auto: 0.12.12 (/opt/ros/humble/share/ament_lint_auto/cmake)
[0.588s] -- Added test 'cppcheck' to perform static code analysis on C / C++ code
[0.588s] -- Configured cppcheck include dirs: $<BUILD_INTERFACE:/home/eb/ros2_ws/src/tp1/include>
[0.588s] -- Configured cppcheck exclude dirs and/or files: 
[0.588s] -- Added test 'flake8' to check Python code syntax and style conventions
[0.588s] -- Added test 'lint_cmake' to check CMake code style
[0.589s] -- Added test 'pep257' to check Python code against some of the docstring style conventions in PEP 257
[0.590s] -- Added test 'uncrustify' to check C / C++ code style
[0.590s] -- Configured uncrustify additional arguments: 
[0.590s] -- Added test 'xmllint' to check XML markup files
[0.591s] -- Configuring done
[0.603s] -- Generating done
[0.607s] -- Build files have been written to: /home/eb/ros2_ws/src/build/tp1
[0.626s] [35m[1mConsolidate compiler generated dependencies of target navigation[0m
[0.641s] [ 16%] [32mBuilding CXX object CMakeFiles/navigation.dir/src/HimmMap.cpp.o[0m
[0.918s] [ 33%] [32m[1mLinking CXX executable navigation[0m
[1.511s] [100%] Built target navigation
[1.528s] Invoked command in '/home/eb/ros2_ws/src/build/tp1' returned '0': CMAKE_PREFIX_PATH=${CMAKE_PREFIX_PATH}:/opt/ros/humble /usr/bin/cmake --build /home/eb/ros2_ws/src/build/tp1 -- -j12 -l12
[1.531s] Invoking command in '/home/eb/ros2_ws/src/build/tp1': CMAKE_PREFIX_PATH=${CMAKE_PREFIX_PATH}:/opt/ros/humble /usr/bin/cmake --install /home/eb/ros2_ws/src/build/tp1
[1.547s] -- Install configuration: ""
[1.547s] -- Installing: /home/eb/ros2_ws/src/install/tp1/lib/tp1/navigation
[1.555s] -- Set runtime path of "/home/eb/ros2_ws/src/install/tp1/lib/tp1/navigation" to ""
[1.555s] -- Up-to-date: /home/eb/ros2_ws/src/install/tp1/share/tp1/launch
[1.555s] -- Up-to-date: /home/eb/ros2_ws/src/install/tp1/share/tp1/launch/p3dx-rosaria.launch.py
[1.555s] -- Up-to-date: /home/eb/ros2_ws/src/install/tp1/share/tp1/config
[1.555s] -- Up-to-date: /home/eb/ros2_ws/src/install/tp1/share/tp1/config/p3dx.rviz
[1.555s] -- Up-to-date: /home/eb/ros2_ws/src/install/tp1/share/ament_index/resource_index/package_run_dependencies/tp1
[1.555s] -- Up-to-date: /home/eb/ros2_ws/src/install/tp1/share/ament_index/resource_index/parent_prefix_path/tp1
[1.555s] -- Up-to-date: /home/eb/ros2_ws/src/install/tp1/share/tp1/environment/ament_prefix_path.sh
[1.556s] -- Installing: /home/eb/ros2_ws/src/install/tp1/share/tp1/environment/ament_prefix_path.dsv
[1.556s] -- Up-to-date: /home/eb/ros2_ws/src/install/tp1/share/tp1/environment/path.sh
[1.556s] -- Installing: /home/eb/ros2_ws/src/install/tp1/share/tp1/environment/path.dsv
[1.556s] -- Up-to-date: /home/eb/ros2_ws/src/install/tp1/share/tp1/local_setup.bash
[1.556s] -- Up-to-date: /home/eb/ros2_ws/src/install/tp1/share/tp1/local_setup.sh
[1.556s] -- Up-to-date: /home/eb/ros2_ws/src/install/tp1/share/tp1/local_setup.zsh
[1.556s] -- Installing: /home/eb/ros2_ws/src/install/tp1/share/tp1/local_setup.dsv
[1.556s] -- Installing: /home/eb/ros2_ws/src/install/tp1/share/tp1/package.dsv
[1.556s] -- Up-to-date: /home/eb/ros2_ws/src/install/tp1/share/ament_index/resource_index/packages/tp1
[1.556s] -- Up-to-date: /home/eb/ros2_ws/src/install/tp1/share/tp1/cmake/tp1Config.cmake
[1.557s] -- Up-to-date: /home/eb/ros2_ws/src/install/tp1/share/tp1/cmake/tp1Config-version.cmake
[1.557s] -- Up-to-date: /home/eb/ros2_ws/src/install/tp1/share/tp1/package.xml
[1.558s] Invoked command in '/home/eb/ros2_ws/src/build/tp1' returned '0': CMAKE_PREFIX_PATH=${CMAKE_PREFIX_PATH}:/opt/ros/humble /usr/bin/cmake --install /home/eb/ros2_ws/src/build/tp1
