[0.009s] Invoking command in '/home/eb/ros2_ws/build/tp1': CMAKE_PREFIX_PATH=${CMAKE_PREFIX_PATH}:/opt/ros/humble /usr/bin/cmake --build /home/eb/ros2_ws/build/tp1 -- -j12 -l12
[0.050s] [ 12%] [32mBuilding CXX object CMakeFiles/navigation.dir/src/Graph.cpp.o[0m
[0.443s] [01m[K/home/eb/ros2_ws/src/tp1/src/Graph.cpp:[m[K In function ‘[01m[Kvoid pintaCelulas(const std::vector<std::vector<float> >&, float, float)[m[K’:
[0.443s] [01m[K/home/eb/ros2_ws/src/tp1/src/Graph.cpp:67:19:[m[K [01;35m[Kwarning: [m[Kunused variable ‘[01m[KcellColor[m[K’ [[01;35m[K]8;;https://gcc.gnu.org/onlinedocs/gcc/Warning-Options.html#index-Wunused-variable-Wunused-variable]8;;[m[K]
[0.443s]    67 |             float [01;35m[KcellColor[m[K = 1.0f * (1 - matVal);
[0.443s]       |                   [01;35m[K^~~~~~~~~[m[K
[0.448s] [01m[K/home/eb/ros2_ws/src/tp1/src/Graph.cpp:[m[K In function ‘[01m[Kvoid* graphicsThreadFunction(void*)[m[K’:
[0.448s] [01m[K/home/eb/ros2_ws/src/tp1/src/Graph.cpp:172:36:[m[K [01;35m[Kwarning: [m[Kunused parameter ‘[01m[Karg[m[K’ [[01;35m[K]8;;https://gcc.gnu.org/onlinedocs/gcc/Warning-Options.html#index-Wunused-parameter-Wunused-parameter]8;;[m[K]
[0.448s]   172 | void* graphicsThreadFunction([01;35m[Kvoid* arg[m[K) {
[0.448s]       |                              [01;35m[K~~~~~~^~~[m[K
[0.545s] [ 25%] [32m[1mLinking CXX executable navigation[0m
[1.145s] [100%] Built target navigation
[1.157s] Invoked command in '/home/eb/ros2_ws/build/tp1' returned '0': CMAKE_PREFIX_PATH=${CMAKE_PREFIX_PATH}:/opt/ros/humble /usr/bin/cmake --build /home/eb/ros2_ws/build/tp1 -- -j12 -l12
[1.158s] Invoking command in '/home/eb/ros2_ws/build/tp1': CMAKE_PREFIX_PATH=${CMAKE_PREFIX_PATH}:/opt/ros/humble /usr/bin/cmake --install /home/eb/ros2_ws/build/tp1
[1.163s] -- Install configuration: ""
[1.163s] -- Installing: /home/eb/ros2_ws/install/tp1/lib/tp1/navigation
[1.169s] -- Set runtime path of "/home/eb/ros2_ws/install/tp1/lib/tp1/navigation" to ""
[1.169s] -- Up-to-date: /home/eb/ros2_ws/install/tp1/share/tp1/launch
[1.169s] -- Up-to-date: /home/eb/ros2_ws/install/tp1/share/tp1/launch/p3dx-rosaria.launch.py
[1.169s] -- Up-to-date: /home/eb/ros2_ws/install/tp1/share/tp1/config
[1.169s] -- Up-to-date: /home/eb/ros2_ws/install/tp1/share/tp1/config/p3dx.rviz
[1.169s] -- Up-to-date: /home/eb/ros2_ws/install/tp1/share/ament_index/resource_index/package_run_dependencies/tp1
[1.169s] -- Up-to-date: /home/eb/ros2_ws/install/tp1/share/ament_index/resource_index/parent_prefix_path/tp1
[1.170s] -- Up-to-date: /home/eb/ros2_ws/install/tp1/share/tp1/environment/ament_prefix_path.sh
[1.170s] -- Up-to-date: /home/eb/ros2_ws/install/tp1/share/tp1/environment/ament_prefix_path.dsv
[1.170s] -- Up-to-date: /home/eb/ros2_ws/install/tp1/share/tp1/environment/path.sh
[1.170s] -- Up-to-date: /home/eb/ros2_ws/install/tp1/share/tp1/environment/path.dsv
[1.170s] -- Up-to-date: /home/eb/ros2_ws/install/tp1/share/tp1/local_setup.bash
[1.170s] -- Up-to-date: /home/eb/ros2_ws/install/tp1/share/tp1/local_setup.sh
[1.170s] -- Up-to-date: /home/eb/ros2_ws/install/tp1/share/tp1/local_setup.zsh
[1.170s] -- Up-to-date: /home/eb/ros2_ws/install/tp1/share/tp1/local_setup.dsv
[1.170s] -- Installing: /home/eb/ros2_ws/install/tp1/share/tp1/package.dsv
[1.170s] -- Up-to-date: /home/eb/ros2_ws/install/tp1/share/ament_index/resource_index/packages/tp1
[1.170s] -- Up-to-date: /home/eb/ros2_ws/install/tp1/share/tp1/cmake/tp1Config.cmake
[1.170s] -- Up-to-date: /home/eb/ros2_ws/install/tp1/share/tp1/cmake/tp1Config-version.cmake
[1.170s] -- Up-to-date: /home/eb/ros2_ws/install/tp1/share/tp1/package.xml
[1.171s] Invoked command in '/home/eb/ros2_ws/build/tp1' returned '0': CMAKE_PREFIX_PATH=${CMAKE_PREFIX_PATH}:/opt/ros/humble /usr/bin/cmake --install /home/eb/ros2_ws/build/tp1
