[33mCMake Warning (dev) at /usr/share/cmake-3.22/Modules/FindOpenGL.cmake:315 (message):
  Policy CMP0072 is not set: FindOpenGL prefers GLVND by default when
  available.  Run "cmake --help-policy CMP0072" for policy details.  Use the
  cmake_policy command to set the policy and suppress this warning.

  FindOpenGL found both a legacy GL library:

    OPENGL_gl_LIBRARY: /usr/lib/x86_64-linux-gnu/libGL.so

  and GLVND libraries for OpenGL and GLX:

    OPENGL_opengl_LIBRARY: /usr/lib/x86_64-linux-gnu/libOpenGL.so
    OPENGL_glx_LIBRARY: /usr/lib/x86_64-linux-gnu/libGLX.so

  OpenGL_GL_PREFERENCE has not been set to "GLVND" or "LEGACY", so for
  compatibility with CMake 3.10 and below the legacy GL library will be used.
Call Stack (most recent call first):
  CMakeLists.txt:18 (find_package)
This warning is for project developers.  Use -Wno-dev to suppress it.
[0m
[01m[K/home/eb/ros2_ws/src/tp1/src/HarmonicField.cpp:[m[K In member function ‘[01m[Kvoid HarmonicField::initializeFromHimm(const HimmMap&)[m[K’:
[01m[K/home/eb/ros2_ws/src/tp1/src/HarmonicField.cpp:17:29:[m[K [01;31m[Kerror: [m[K‘[01m[Kconst class HimmMap[m[K’ has no member named ‘[01m[KgetCell[m[K’
   17 |             int value = map.[01;31m[KgetCell[m[K(x, y);
      |                             [01;31m[K^~~~~~~[m[K
gmake[2]: *** [CMakeFiles/navigation.dir/build.make:146: CMakeFiles/navigation.dir/src/HarmonicField.cpp.o] Erro 1
gmake[1]: *** [CMakeFiles/Makefile2:137: CMakeFiles/navigation.dir/all] Erro 2
gmake: *** [Makefile:146: all] Erro 2
