[0.009s] Invoking command in '/home/eb/ros2_ws/build/tp1': CMAKE_PREFIX_PATH=${CMAKE_PREFIX_PATH}:/opt/ros/humble /usr/bin/cmake --build /home/eb/ros2_ws/build/tp1 -- -j12 -l12
[0.044s] -- Found ament_cmake: 1.3.11 (/opt/ros/humble/share/ament_cmake/cmake)
[0.156s] -- Found nav_msgs: 4.8.0 (/opt/ros/humble/share/nav_msgs/cmake)
[0.179s] -- Found rosidl_generator_c: 3.1.6 (/opt/ros/humble/share/rosidl_generator_c/cmake)
[0.181s] -- Found rosidl_adapter: 3.1.6 (/opt/ros/humble/share/rosidl_adapter/cmake)
[0.188s] -- Found rosidl_generator_cpp: 3.1.6 (/opt/ros/humble/share/rosidl_generator_cpp/cmake)
[0.197s] -- Using all available rosidl_typesupport_c: rosidl_typesupport_fastrtps_c;rosidl_typesupport_introspection_c
[0.209s] -- Using all available rosidl_typesupport_cpp: rosidl_typesupport_fastrtps_cpp;rosidl_typesupport_introspection_cpp
[0.261s] -- Found tf2: 0.25.13 (/opt/ros/humble/share/tf2/cmake)
[0.264s] -- Found tf2_geometry_msgs: 0.25.13 (/opt/ros/humble/share/tf2_geometry_msgs/cmake)
[0.268s] -- Found eigen3_cmake_module: 0.1.1 (/opt/ros/humble/share/eigen3_cmake_module/cmake)
[0.269s] -- Ensuring Eigen3 include directory is part of orocos-kdl CMake target
[0.318s] -- Found rmw_implementation_cmake: 6.1.2 (/opt/ros/humble/share/rmw_implementation_cmake/cmake)
[0.319s] -- Found rmw_fastrtps_cpp: 6.2.7 (/opt/ros/humble/share/rmw_fastrtps_cpp/cmake)
[0.397s] -- Using RMW implementation 'rmw_fastrtps_cpp' as default
[0.492s] -- Found sensor_msgs: 4.8.0 (/opt/ros/humble/share/sensor_msgs/cmake)
[0.509s] [33mCMake Warning (dev) at /usr/share/cmake-3.22/Modules/FindOpenGL.cmake:315 (message):
[0.509s]   Policy CMP0072 is not set: FindOpenGL prefers GLVND by default when
[0.509s]   available.  Run "cmake --help-policy CMP0072" for policy details.  Use the
[0.509s]   cmake_policy command to set the policy and suppress this warning.
[0.509s] 
[0.509s]   FindOpenGL found both a legacy GL library:
[0.509s] 
[0.509s]     OPENGL_gl_LIBRARY: /usr/lib/x86_64-linux-gnu/libGL.so
[0.509s] 
[0.509s]   and GLVND libraries for OpenGL and GLX:
[0.509s] 
[0.509s]     OPENGL_opengl_LIBRARY: /usr/lib/x86_64-linux-gnu/libOpenGL.so
[0.509s]     OPENGL_glx_LIBRARY: /usr/lib/x86_64-linux-gnu/libGLX.so
[0.509s] 
[0.509s]   OpenGL_GL_PREFERENCE has not been set to "GLVND" or "LEGACY", so for
[0.509s]   compatibility with CMake 3.10 and below the legacy GL library will be used.
[0.509s] Call Stack (most recent call first):
[0.510s]   CMakeLists.txt:18 (find_package)
[0.510s] This warning is for project developers.  Use -Wno-dev to suppress it.
[0.510s] [0m
[0.514s] -- Checking for module 'glut'
[0.516s] --   No package 'glut' found
[0.519s] -- Found ament_lint_auto: 0.12.12 (/opt/ros/humble/share/ament_lint_auto/cmake)
[0.574s] -- Added test 'cppcheck' to perform static code analysis on C / C++ code
[0.574s] -- Configured cppcheck include dirs: $<BUILD_INTERFACE:/home/eb/ros2_ws/src/tp1/include>
[0.574s] -- Configured cppcheck exclude dirs and/or files: 
[0.574s] -- Added test 'flake8' to check Python code syntax and style conventions
[0.575s] -- Added test 'lint_cmake' to check CMake code style
[0.575s] -- Added test 'pep257' to check Python code against some of the docstring style conventions in PEP 257
[0.576s] -- Added test 'uncrustify' to check C / C++ code style
[0.576s] -- Configured uncrustify additional arguments: 
[0.576s] -- Added test 'xmllint' to check XML markup files
[0.577s] -- Configuring done
[0.588s] -- Generating done
[0.591s] -- Build files have been written to: /home/eb/ros2_ws/build/tp1
[0.612s] [35m[1mConsolidate compiler generated dependencies of target navigation[0m
[0.629s] [ 14%] [32mBuilding CXX object CMakeFiles/navigation.dir/src/HarmonicField.cpp.o[0m
[0.758s] [01m[K/home/eb/ros2_ws/src/tp1/src/HarmonicField.cpp:[m[K In member function ‘[01m[Kvoid HarmonicField::initializeFromHimm(const HimmMap&)[m[K’:
[0.758s] [01m[K/home/eb/ros2_ws/src/tp1/src/HarmonicField.cpp:17:29:[m[K [01;31m[Kerror: [m[K‘[01m[Kconst class HimmMap[m[K’ has no member named ‘[01m[KgetCell[m[K’
[0.758s]    17 |             int value = map.[01;31m[KgetCell[m[K(x, y);
[0.758s]       |                             [01;31m[K^~~~~~~[m[K
[0.805s] gmake[2]: *** [CMakeFiles/navigation.dir/build.make:146: CMakeFiles/navigation.dir/src/HarmonicField.cpp.o] Erro 1
[0.805s] gmake[1]: *** [CMakeFiles/Makefile2:137: CMakeFiles/navigation.dir/all] Erro 2
[0.805s] gmake: *** [Makefile:146: all] Erro 2
[0.807s] Invoked command in '/home/eb/ros2_ws/build/tp1' returned '2': CMAKE_PREFIX_PATH=${CMAKE_PREFIX_PATH}:/opt/ros/humble /usr/bin/cmake --build /home/eb/ros2_ws/build/tp1 -- -j12 -l12
