[0.186s] DEBUG:colcon:Command line arguments: ['/usr/bin/colcon', 'build']
[0.186s] DEBUG:colcon:Parsed command line arguments: Namespace(log_base=None, log_level=None, verb_name='build', build_base='build', install_base='install', merge_install=False, symlink_install=False, test_result_base=None, continue_on_error=False, executor='parallel', parallel_workers=12, event_handlers=None, ignore_user_meta=False, metas=['./colcon.meta'], base_paths=['.'], packages_ignore=None, packages_ignore_regex=None, paths=None, packages_up_to=None, packages_up_to_regex=None, packages_above=None, packages_above_and_dependencies=None, packages_above_depth=None, packages_select_by_dep=None, packages_skip_by_dep=None, packages_skip_up_to=None, packages_select_build_failed=False, packages_skip_build_finished=False, packages_select_test_failures=False, packages_skip_test_passed=False, packages_select=None, packages_skip=None, packages_select_regex=None, packages_skip_regex=None, packages_start=None, packages_end=None, allow_overriding=[], cmake_args=None, cmake_target=None, cmake_target_skip_unavailable=False, cmake_clean_cache=False, cmake_clean_first=False, cmake_force_configure=False, ament_cmake_args=None, catkin_cmake_args=None, catkin_skip_building_tests=False, mixin_files=None, mixin=None, verb_parser=<colcon_mixin.mixin.mixin_argument.MixinArgumentDecorator object at 0x74e4b98613f0>, verb_extension=<colcon_core.verb.build.BuildVerb object at 0x74e4b9860e20>, main=<bound method BuildVerb.main of <colcon_core.verb.build.BuildVerb object at 0x74e4b9860e20>>, mixin_verb=('build',))
[0.397s] Level 1:colcon.colcon_core.package_discovery:discover_packages(colcon_meta) check parameters
[0.397s] Level 1:colcon.colcon_core.package_discovery:discover_packages(recursive) check parameters
[0.397s] Level 1:colcon.colcon_core.package_discovery:discover_packages(ignore) check parameters
[0.397s] Level 1:colcon.colcon_core.package_discovery:discover_packages(path) check parameters
[0.397s] Level 1:colcon.colcon_core.package_discovery:discover_packages(colcon_meta) discover
[0.397s] Level 1:colcon.colcon_core.package_discovery:discover_packages(recursive) discover
[0.397s] INFO:colcon.colcon_core.package_discovery:Crawling recursively for packages in '/home/eb/ros2_ws/src'
[0.397s] Level 1:colcon.colcon_core.package_identification:_identify(.) by extensions ['ignore', 'ignore_ament_install']
[0.397s] Level 1:colcon.colcon_core.package_identification:_identify(.) by extension 'ignore'
[0.397s] Level 1:colcon.colcon_core.package_identification:_identify(.) by extension 'ignore_ament_install'
[0.397s] Level 1:colcon.colcon_core.package_identification:_identify(.) by extensions ['colcon_pkg']
[0.397s] Level 1:colcon.colcon_core.package_identification:_identify(.) by extension 'colcon_pkg'
[0.397s] Level 1:colcon.colcon_core.package_identification:_identify(.) by extensions ['colcon_meta']
[0.397s] Level 1:colcon.colcon_core.package_identification:_identify(.) by extension 'colcon_meta'
[0.397s] Level 1:colcon.colcon_core.package_identification:_identify(.) by extensions ['ros']
[0.397s] Level 1:colcon.colcon_core.package_identification:_identify(.) by extension 'ros'
[0.407s] Level 1:colcon.colcon_core.package_identification:_identify(.) by extensions ['cmake', 'python']
[0.407s] Level 1:colcon.colcon_core.package_identification:_identify(.) by extension 'cmake'
[0.407s] Level 1:colcon.colcon_core.package_identification:_identify(.) by extension 'python'
[0.407s] Level 1:colcon.colcon_core.package_identification:_identify(.) by extensions ['python_setup_py']
[0.407s] Level 1:colcon.colcon_core.package_identification:_identify(.) by extension 'python_setup_py'
[0.408s] Level 1:colcon.colcon_core.package_identification:_identify(build) by extensions ['ignore', 'ignore_ament_install']
[0.408s] Level 1:colcon.colcon_core.package_identification:_identify(build) by extension 'ignore'
[0.408s] Level 1:colcon.colcon_core.package_identification:_identify(build) ignored
[0.408s] Level 1:colcon.colcon_core.package_identification:_identify(install) by extensions ['ignore', 'ignore_ament_install']
[0.408s] Level 1:colcon.colcon_core.package_identification:_identify(install) by extension 'ignore'
[0.408s] Level 1:colcon.colcon_core.package_identification:_identify(install) ignored
[0.408s] Level 1:colcon.colcon_core.package_identification:_identify(log) by extensions ['ignore', 'ignore_ament_install']
[0.408s] Level 1:colcon.colcon_core.package_identification:_identify(log) by extension 'ignore'
[0.408s] Level 1:colcon.colcon_core.package_identification:_identify(log) ignored
[0.408s] Level 1:colcon.colcon_core.package_identification:_identify(phi_aria) by extensions ['ignore', 'ignore_ament_install']
[0.408s] Level 1:colcon.colcon_core.package_identification:_identify(phi_aria) by extension 'ignore'
[0.408s] Level 1:colcon.colcon_core.package_identification:_identify(phi_aria) by extension 'ignore_ament_install'
[0.408s] Level 1:colcon.colcon_core.package_identification:_identify(phi_aria) by extensions ['colcon_pkg']
[0.408s] Level 1:colcon.colcon_core.package_identification:_identify(phi_aria) by extension 'colcon_pkg'
[0.408s] Level 1:colcon.colcon_core.package_identification:_identify(phi_aria) by extensions ['colcon_meta']
[0.408s] Level 1:colcon.colcon_core.package_identification:_identify(phi_aria) by extension 'colcon_meta'
[0.408s] Level 1:colcon.colcon_core.package_identification:_identify(phi_aria) by extensions ['ros']
[0.408s] Level 1:colcon.colcon_core.package_identification:_identify(phi_aria) by extension 'ros'
[0.411s] DEBUG:colcon.colcon_core.package_identification:Package 'phi_aria' with type 'ros.ament_cmake' and name 'phi_aria'
[0.411s] Level 1:colcon.colcon_core.package_identification:_identify(tp1) by extensions ['ignore', 'ignore_ament_install']
[0.411s] Level 1:colcon.colcon_core.package_identification:_identify(tp1) by extension 'ignore'
[0.411s] Level 1:colcon.colcon_core.package_identification:_identify(tp1) by extension 'ignore_ament_install'
[0.412s] Level 1:colcon.colcon_core.package_identification:_identify(tp1) by extensions ['colcon_pkg']
[0.412s] Level 1:colcon.colcon_core.package_identification:_identify(tp1) by extension 'colcon_pkg'
[0.412s] Level 1:colcon.colcon_core.package_identification:_identify(tp1) by extensions ['colcon_meta']
[0.412s] Level 1:colcon.colcon_core.package_identification:_identify(tp1) by extension 'colcon_meta'
[0.412s] Level 1:colcon.colcon_core.package_identification:_identify(tp1) by extensions ['ros']
[0.412s] Level 1:colcon.colcon_core.package_identification:_identify(tp1) by extension 'ros'
[0.412s] DEBUG:colcon.colcon_core.package_identification:Package 'tp1' with type 'ros.ament_cmake' and name 'tp1'
[0.412s] Level 1:colcon.colcon_core.package_discovery:discover_packages(recursive) using defaults
[0.412s] Level 1:colcon.colcon_core.package_discovery:discover_packages(ignore) discover
[0.412s] Level 1:colcon.colcon_core.package_discovery:discover_packages(ignore) using defaults
[0.412s] Level 1:colcon.colcon_core.package_discovery:discover_packages(path) discover
[0.412s] Level 1:colcon.colcon_core.package_discovery:discover_packages(path) using defaults
[0.441s] Level 1:colcon.colcon_core.package_discovery:discover_packages(prefix_path) check parameters
[0.441s] Level 1:colcon.colcon_core.package_discovery:discover_packages(prefix_path) discover
[0.443s] DEBUG:colcon.colcon_installed_package_information.package_discovery:Found 2 installed packages in /home/eb/ros2_ws/install
[0.444s] DEBUG:colcon.colcon_installed_package_information.package_discovery:Found 272 installed packages in /opt/ros/humble
[0.445s] Level 1:colcon.colcon_core.package_discovery:discover_packages(prefix_path) using defaults
[0.475s] Level 5:colcon.colcon_core.verb:set package 'phi_aria' build argument 'cmake_args' from command line to 'None'
[0.475s] Level 5:colcon.colcon_core.verb:set package 'phi_aria' build argument 'cmake_target' from command line to 'None'
[0.475s] Level 5:colcon.colcon_core.verb:set package 'phi_aria' build argument 'cmake_target_skip_unavailable' from command line to 'False'
[0.475s] Level 5:colcon.colcon_core.verb:set package 'phi_aria' build argument 'cmake_clean_cache' from command line to 'False'
[0.475s] Level 5:colcon.colcon_core.verb:set package 'phi_aria' build argument 'cmake_clean_first' from command line to 'False'
[0.475s] Level 5:colcon.colcon_core.verb:set package 'phi_aria' build argument 'cmake_force_configure' from command line to 'False'
[0.475s] Level 5:colcon.colcon_core.verb:set package 'phi_aria' build argument 'ament_cmake_args' from command line to 'None'
[0.475s] Level 5:colcon.colcon_core.verb:set package 'phi_aria' build argument 'catkin_cmake_args' from command line to 'None'
[0.475s] Level 5:colcon.colcon_core.verb:set package 'phi_aria' build argument 'catkin_skip_building_tests' from command line to 'False'
[0.475s] DEBUG:colcon.colcon_core.verb:Building package 'phi_aria' with the following arguments: {'ament_cmake_args': None, 'build_base': '/home/eb/ros2_ws/src/build/phi_aria', 'catkin_cmake_args': None, 'catkin_skip_building_tests': False, 'cmake_args': None, 'cmake_clean_cache': False, 'cmake_clean_first': False, 'cmake_force_configure': False, 'cmake_target': None, 'cmake_target_skip_unavailable': False, 'install_base': '/home/eb/ros2_ws/src/install/phi_aria', 'merge_install': False, 'path': '/home/eb/ros2_ws/src/phi_aria', 'symlink_install': False, 'test_result_base': None}
[0.475s] Level 5:colcon.colcon_core.verb:set package 'tp1' build argument 'cmake_args' from command line to 'None'
[0.476s] Level 5:colcon.colcon_core.verb:set package 'tp1' build argument 'cmake_target' from command line to 'None'
[0.476s] Level 5:colcon.colcon_core.verb:set package 'tp1' build argument 'cmake_target_skip_unavailable' from command line to 'False'
[0.476s] Level 5:colcon.colcon_core.verb:set package 'tp1' build argument 'cmake_clean_cache' from command line to 'False'
[0.476s] Level 5:colcon.colcon_core.verb:set package 'tp1' build argument 'cmake_clean_first' from command line to 'False'
[0.476s] Level 5:colcon.colcon_core.verb:set package 'tp1' build argument 'cmake_force_configure' from command line to 'False'
[0.476s] Level 5:colcon.colcon_core.verb:set package 'tp1' build argument 'ament_cmake_args' from command line to 'None'
[0.476s] Level 5:colcon.colcon_core.verb:set package 'tp1' build argument 'catkin_cmake_args' from command line to 'None'
[0.476s] Level 5:colcon.colcon_core.verb:set package 'tp1' build argument 'catkin_skip_building_tests' from command line to 'False'
[0.476s] DEBUG:colcon.colcon_core.verb:Building package 'tp1' with the following arguments: {'ament_cmake_args': None, 'build_base': '/home/eb/ros2_ws/src/build/tp1', 'catkin_cmake_args': None, 'catkin_skip_building_tests': False, 'cmake_args': None, 'cmake_clean_cache': False, 'cmake_clean_first': False, 'cmake_force_configure': False, 'cmake_target': None, 'cmake_target_skip_unavailable': False, 'install_base': '/home/eb/ros2_ws/src/install/tp1', 'merge_install': False, 'path': '/home/eb/ros2_ws/src/tp1', 'symlink_install': False, 'test_result_base': None}
[0.476s] INFO:colcon.colcon_core.executor:Executing jobs using 'parallel' executor
[0.477s] DEBUG:colcon.colcon_parallel_executor.executor.parallel:run_until_complete
[0.477s] INFO:colcon.colcon_ros.task.ament_cmake.build:Building ROS package in '/home/eb/ros2_ws/src/phi_aria' with build type 'ament_cmake'
[0.477s] INFO:colcon.colcon_cmake.task.cmake.build:Building CMake package in '/home/eb/ros2_ws/src/phi_aria'
[0.480s] INFO:colcon.colcon_core.plugin_system:Skipping extension 'colcon_core.shell.bat': Not used on non-Windows systems
[0.480s] INFO:colcon.colcon_core.shell:Skip shell extension 'powershell' for command environment: Not usable outside of PowerShell
[0.480s] DEBUG:colcon.colcon_core.shell:Skip shell extension 'dsv' for command environment
[0.482s] INFO:colcon.colcon_ros.task.ament_cmake.build:Building ROS package in '/home/eb/ros2_ws/src/tp1' with build type 'ament_cmake'
[0.483s] INFO:colcon.colcon_cmake.task.cmake.build:Building CMake package in '/home/eb/ros2_ws/src/tp1'
[0.483s] INFO:colcon.colcon_core.shell:Skip shell extension 'powershell' for command environment: Not usable outside of PowerShell
[0.483s] DEBUG:colcon.colcon_core.shell:Skip shell extension 'dsv' for command environment
[0.486s] DEBUG:colcon.colcon_core.event_handler.log_command:Invoking command in '/home/eb/ros2_ws/src/build/phi_aria': CMAKE_PREFIX_PATH=${CMAKE_PREFIX_PATH}:/opt/ros/humble /usr/bin/cmake /home/eb/ros2_ws/src/phi_aria -DCMAKE_INSTALL_PREFIX=/home/eb/ros2_ws/src/install/phi_aria
[0.491s] DEBUG:colcon.colcon_core.event_handler.log_command:Invoking command in '/home/eb/ros2_ws/src/build/tp1': CMAKE_PREFIX_PATH=${CMAKE_PREFIX_PATH}:/opt/ros/humble /usr/bin/cmake /home/eb/ros2_ws/src/tp1 -DCMAKE_INSTALL_PREFIX=/home/eb/ros2_ws/src/install/tp1
[1.630s] DEBUG:colcon.colcon_core.event_handler.log_command:Invoked command in '/home/eb/ros2_ws/src/build/phi_aria' returned '0': CMAKE_PREFIX_PATH=${CMAKE_PREFIX_PATH}:/opt/ros/humble /usr/bin/cmake /home/eb/ros2_ws/src/phi_aria -DCMAKE_INSTALL_PREFIX=/home/eb/ros2_ws/src/install/phi_aria
[1.632s] DEBUG:colcon.colcon_core.event_handler.log_command:Invoking command in '/home/eb/ros2_ws/src/build/phi_aria': CMAKE_PREFIX_PATH=${CMAKE_PREFIX_PATH}:/opt/ros/humble /usr/bin/cmake --build /home/eb/ros2_ws/src/build/phi_aria -- -j12 -l12
[1.632s] DEBUG:colcon.colcon_core.event_handler.log_command:Invoked command in '/home/eb/ros2_ws/src/build/tp1' returned '0': CMAKE_PREFIX_PATH=${CMAKE_PREFIX_PATH}:/opt/ros/humble /usr/bin/cmake /home/eb/ros2_ws/src/tp1 -DCMAKE_INSTALL_PREFIX=/home/eb/ros2_ws/src/install/tp1
[1.634s] DEBUG:colcon.colcon_core.event_handler.log_command:Invoking command in '/home/eb/ros2_ws/src/build/tp1': CMAKE_PREFIX_PATH=${CMAKE_PREFIX_PATH}:/opt/ros/humble /usr/bin/cmake --build /home/eb/ros2_ws/src/build/tp1 -- -j12 -l12
[10.947s] DEBUG:colcon.colcon_core.event_handler.log_command:Invoked command in '/home/eb/ros2_ws/src/build/phi_aria' returned '0': CMAKE_PREFIX_PATH=${CMAKE_PREFIX_PATH}:/opt/ros/humble /usr/bin/cmake --build /home/eb/ros2_ws/src/build/phi_aria -- -j12 -l12
[10.954s] DEBUG:colcon.colcon_core.event_handler.log_command:Invoking command in '/home/eb/ros2_ws/src/build/phi_aria': CMAKE_PREFIX_PATH=${CMAKE_PREFIX_PATH}:/opt/ros/humble /usr/bin/cmake --install /home/eb/ros2_ws/src/build/phi_aria
[10.973s] Level 1:colcon.colcon_core.environment:create_environment_scripts_only(phi_aria)
[10.974s] DEBUG:colcon.colcon_core.event_handler.log_command:Invoked command in '/home/eb/ros2_ws/src/build/phi_aria' returned '0': CMAKE_PREFIX_PATH=${CMAKE_PREFIX_PATH}:/opt/ros/humble /usr/bin/cmake --install /home/eb/ros2_ws/src/build/phi_aria
[10.980s] Level 1:colcon.colcon_core.environment:checking '/home/eb/ros2_ws/src/install/phi_aria' for CMake module files
[10.980s] Level 1:colcon.colcon_core.environment:checking '/home/eb/ros2_ws/src/install/phi_aria' for CMake config files
[10.981s] Level 1:colcon.colcon_core.shell:create_environment_hook('phi_aria', 'cmake_prefix_path')
[10.981s] INFO:colcon.colcon_core.shell:Creating environment hook '/home/eb/ros2_ws/src/install/phi_aria/share/phi_aria/hook/cmake_prefix_path.ps1'
[10.982s] INFO:colcon.colcon_core.shell:Creating environment descriptor '/home/eb/ros2_ws/src/install/phi_aria/share/phi_aria/hook/cmake_prefix_path.dsv'
[10.983s] INFO:colcon.colcon_core.shell:Creating environment hook '/home/eb/ros2_ws/src/install/phi_aria/share/phi_aria/hook/cmake_prefix_path.sh'
[10.983s] Level 1:colcon.colcon_core.environment:checking '/home/eb/ros2_ws/src/install/phi_aria/lib'
[10.984s] Level 1:colcon.colcon_core.environment:checking '/home/eb/ros2_ws/src/install/phi_aria/bin'
[10.984s] Level 1:colcon.colcon_core.environment:checking '/home/eb/ros2_ws/src/install/phi_aria/lib/pkgconfig/phi_aria.pc'
[10.984s] Level 1:colcon.colcon_core.environment:checking '/home/eb/ros2_ws/src/install/phi_aria/lib/python3.10/site-packages'
[10.984s] Level 1:colcon.colcon_core.environment:checking '/home/eb/ros2_ws/src/install/phi_aria/bin'
[10.984s] INFO:colcon.colcon_core.shell:Creating package script '/home/eb/ros2_ws/src/install/phi_aria/share/phi_aria/package.ps1'
[10.985s] INFO:colcon.colcon_core.shell:Creating package descriptor '/home/eb/ros2_ws/src/install/phi_aria/share/phi_aria/package.dsv'
[10.985s] INFO:colcon.colcon_core.shell:Creating package script '/home/eb/ros2_ws/src/install/phi_aria/share/phi_aria/package.sh'
[10.986s] INFO:colcon.colcon_core.shell:Creating package script '/home/eb/ros2_ws/src/install/phi_aria/share/phi_aria/package.bash'
[10.987s] INFO:colcon.colcon_core.shell:Creating package script '/home/eb/ros2_ws/src/install/phi_aria/share/phi_aria/package.zsh'
[10.988s] Level 1:colcon.colcon_core.environment:create_file_with_runtime_dependencies(/home/eb/ros2_ws/src/install/phi_aria/share/colcon-core/packages/phi_aria)
[10.988s] Level 1:colcon.colcon_core.environment:create_environment_scripts_only(phi_aria)
[10.989s] Level 1:colcon.colcon_core.environment:checking '/home/eb/ros2_ws/src/install/phi_aria' for CMake module files
[10.989s] Level 1:colcon.colcon_core.environment:checking '/home/eb/ros2_ws/src/install/phi_aria' for CMake config files
[10.989s] Level 1:colcon.colcon_core.shell:create_environment_hook('phi_aria', 'cmake_prefix_path')
[10.989s] INFO:colcon.colcon_core.shell:Creating environment hook '/home/eb/ros2_ws/src/install/phi_aria/share/phi_aria/hook/cmake_prefix_path.ps1'
[10.990s] INFO:colcon.colcon_core.shell:Creating environment descriptor '/home/eb/ros2_ws/src/install/phi_aria/share/phi_aria/hook/cmake_prefix_path.dsv'
[10.990s] INFO:colcon.colcon_core.shell:Creating environment hook '/home/eb/ros2_ws/src/install/phi_aria/share/phi_aria/hook/cmake_prefix_path.sh'
[10.990s] Level 1:colcon.colcon_core.environment:checking '/home/eb/ros2_ws/src/install/phi_aria/lib'
[10.990s] Level 1:colcon.colcon_core.environment:checking '/home/eb/ros2_ws/src/install/phi_aria/bin'
[10.990s] Level 1:colcon.colcon_core.environment:checking '/home/eb/ros2_ws/src/install/phi_aria/lib/pkgconfig/phi_aria.pc'
[10.991s] Level 1:colcon.colcon_core.environment:checking '/home/eb/ros2_ws/src/install/phi_aria/lib/python3.10/site-packages'
[10.991s] Level 1:colcon.colcon_core.environment:checking '/home/eb/ros2_ws/src/install/phi_aria/bin'
[10.991s] INFO:colcon.colcon_core.shell:Creating package script '/home/eb/ros2_ws/src/install/phi_aria/share/phi_aria/package.ps1'
[10.991s] INFO:colcon.colcon_core.shell:Creating package descriptor '/home/eb/ros2_ws/src/install/phi_aria/share/phi_aria/package.dsv'
[10.992s] INFO:colcon.colcon_core.shell:Creating package script '/home/eb/ros2_ws/src/install/phi_aria/share/phi_aria/package.sh'
[10.992s] INFO:colcon.colcon_core.shell:Creating package script '/home/eb/ros2_ws/src/install/phi_aria/share/phi_aria/package.bash'
[10.992s] INFO:colcon.colcon_core.shell:Creating package script '/home/eb/ros2_ws/src/install/phi_aria/share/phi_aria/package.zsh'
[10.993s] Level 1:colcon.colcon_core.environment:create_file_with_runtime_dependencies(/home/eb/ros2_ws/src/install/phi_aria/share/colcon-core/packages/phi_aria)
[13.842s] DEBUG:colcon.colcon_core.event_handler.log_command:Invoked command in '/home/eb/ros2_ws/src/build/tp1' returned '0': CMAKE_PREFIX_PATH=${CMAKE_PREFIX_PATH}:/opt/ros/humble /usr/bin/cmake --build /home/eb/ros2_ws/src/build/tp1 -- -j12 -l12
[13.843s] DEBUG:colcon.colcon_core.event_handler.log_command:Invoking command in '/home/eb/ros2_ws/src/build/tp1': CMAKE_PREFIX_PATH=${CMAKE_PREFIX_PATH}:/opt/ros/humble /usr/bin/cmake --install /home/eb/ros2_ws/src/build/tp1
[13.855s] Level 1:colcon.colcon_core.environment:create_environment_scripts_only(tp1)
[13.855s] Level 1:colcon.colcon_core.environment:checking '/home/eb/ros2_ws/src/install/tp1' for CMake module files
[13.855s] DEBUG:colcon.colcon_core.event_handler.log_command:Invoked command in '/home/eb/ros2_ws/src/build/tp1' returned '0': CMAKE_PREFIX_PATH=${CMAKE_PREFIX_PATH}:/opt/ros/humble /usr/bin/cmake --install /home/eb/ros2_ws/src/build/tp1
[13.856s] Level 1:colcon.colcon_core.environment:checking '/home/eb/ros2_ws/src/install/tp1' for CMake config files
[13.856s] Level 1:colcon.colcon_core.shell:create_environment_hook('tp1', 'cmake_prefix_path')
[13.856s] INFO:colcon.colcon_core.shell:Creating environment hook '/home/eb/ros2_ws/src/install/tp1/share/tp1/hook/cmake_prefix_path.ps1'
[13.857s] INFO:colcon.colcon_core.shell:Creating environment descriptor '/home/eb/ros2_ws/src/install/tp1/share/tp1/hook/cmake_prefix_path.dsv'
[13.857s] INFO:colcon.colcon_core.shell:Creating environment hook '/home/eb/ros2_ws/src/install/tp1/share/tp1/hook/cmake_prefix_path.sh'
[13.857s] Level 1:colcon.colcon_core.environment:checking '/home/eb/ros2_ws/src/install/tp1/lib'
[13.857s] Level 1:colcon.colcon_core.environment:checking '/home/eb/ros2_ws/src/install/tp1/bin'
[13.857s] Level 1:colcon.colcon_core.environment:checking '/home/eb/ros2_ws/src/install/tp1/lib/pkgconfig/tp1.pc'
[13.858s] Level 1:colcon.colcon_core.environment:checking '/home/eb/ros2_ws/src/install/tp1/lib/python3.10/site-packages'
[13.858s] Level 1:colcon.colcon_core.environment:checking '/home/eb/ros2_ws/src/install/tp1/bin'
[13.858s] INFO:colcon.colcon_core.shell:Creating package script '/home/eb/ros2_ws/src/install/tp1/share/tp1/package.ps1'
[13.858s] INFO:colcon.colcon_core.shell:Creating package descriptor '/home/eb/ros2_ws/src/install/tp1/share/tp1/package.dsv'
[13.859s] INFO:colcon.colcon_core.shell:Creating package script '/home/eb/ros2_ws/src/install/tp1/share/tp1/package.sh'
[13.859s] INFO:colcon.colcon_core.shell:Creating package script '/home/eb/ros2_ws/src/install/tp1/share/tp1/package.bash'
[13.859s] INFO:colcon.colcon_core.shell:Creating package script '/home/eb/ros2_ws/src/install/tp1/share/tp1/package.zsh'
[13.859s] Level 1:colcon.colcon_core.environment:create_file_with_runtime_dependencies(/home/eb/ros2_ws/src/install/tp1/share/colcon-core/packages/tp1)
[13.860s] Level 1:colcon.colcon_core.environment:create_environment_scripts_only(tp1)
[13.860s] Level 1:colcon.colcon_core.environment:checking '/home/eb/ros2_ws/src/install/tp1' for CMake module files
[13.860s] Level 1:colcon.colcon_core.environment:checking '/home/eb/ros2_ws/src/install/tp1' for CMake config files
[13.860s] Level 1:colcon.colcon_core.shell:create_environment_hook('tp1', 'cmake_prefix_path')
[13.861s] INFO:colcon.colcon_core.shell:Creating environment hook '/home/eb/ros2_ws/src/install/tp1/share/tp1/hook/cmake_prefix_path.ps1'
[13.861s] INFO:colcon.colcon_core.shell:Creating environment descriptor '/home/eb/ros2_ws/src/install/tp1/share/tp1/hook/cmake_prefix_path.dsv'
[13.861s] INFO:colcon.colcon_core.shell:Creating environment hook '/home/eb/ros2_ws/src/install/tp1/share/tp1/hook/cmake_prefix_path.sh'
[13.862s] Level 1:colcon.colcon_core.environment:checking '/home/eb/ros2_ws/src/install/tp1/lib'
[13.862s] Level 1:colcon.colcon_core.environment:checking '/home/eb/ros2_ws/src/install/tp1/bin'
[13.862s] Level 1:colcon.colcon_core.environment:checking '/home/eb/ros2_ws/src/install/tp1/lib/pkgconfig/tp1.pc'
[13.862s] Level 1:colcon.colcon_core.environment:checking '/home/eb/ros2_ws/src/install/tp1/lib/python3.10/site-packages'
[13.862s] Level 1:colcon.colcon_core.environment:checking '/home/eb/ros2_ws/src/install/tp1/bin'
[13.862s] INFO:colcon.colcon_core.shell:Creating package script '/home/eb/ros2_ws/src/install/tp1/share/tp1/package.ps1'
[13.863s] INFO:colcon.colcon_core.shell:Creating package descriptor '/home/eb/ros2_ws/src/install/tp1/share/tp1/package.dsv'
[13.863s] INFO:colcon.colcon_core.shell:Creating package script '/home/eb/ros2_ws/src/install/tp1/share/tp1/package.sh'
[13.863s] INFO:colcon.colcon_core.shell:Creating package script '/home/eb/ros2_ws/src/install/tp1/share/tp1/package.bash'
[13.863s] INFO:colcon.colcon_core.shell:Creating package script '/home/eb/ros2_ws/src/install/tp1/share/tp1/package.zsh'
[13.864s] Level 1:colcon.colcon_core.environment:create_file_with_runtime_dependencies(/home/eb/ros2_ws/src/install/tp1/share/colcon-core/packages/tp1)
[13.864s] DEBUG:colcon.colcon_parallel_executor.executor.parallel:closing loop
[13.864s] DEBUG:colcon.colcon_parallel_executor.executor.parallel:loop closed
[13.864s] DEBUG:colcon.colcon_parallel_executor.executor.parallel:run_until_complete finished with '0'
[13.864s] DEBUG:colcon.colcon_core.event_reactor:joining thread
[13.870s] INFO:colcon.colcon_core.plugin_system:Skipping extension 'colcon_notification.desktop_notification.terminal_notifier': Not used on non-Darwin systems
[13.871s] INFO:colcon.colcon_core.plugin_system:Skipping extension 'colcon_notification.desktop_notification.win32': Not used on non-Windows systems
[13.871s] INFO:colcon.colcon_notification.desktop_notification:Sending desktop notification using 'notify2'
[13.885s] DEBUG:colcon.colcon_core.event_reactor:joined thread
[13.886s] INFO:colcon.colcon_core.shell:Creating prefix script '/home/eb/ros2_ws/src/install/local_setup.ps1'
[13.887s] INFO:colcon.colcon_core.shell:Creating prefix util module '/home/eb/ros2_ws/src/install/_local_setup_util_ps1.py'
[13.888s] INFO:colcon.colcon_core.shell:Creating prefix chain script '/home/eb/ros2_ws/src/install/setup.ps1'
[13.889s] INFO:colcon.colcon_core.shell:Creating prefix script '/home/eb/ros2_ws/src/install/local_setup.sh'
[13.890s] INFO:colcon.colcon_core.shell:Creating prefix util module '/home/eb/ros2_ws/src/install/_local_setup_util_sh.py'
[13.890s] INFO:colcon.colcon_core.shell:Creating prefix chain script '/home/eb/ros2_ws/src/install/setup.sh'
[13.891s] INFO:colcon.colcon_core.shell:Creating prefix script '/home/eb/ros2_ws/src/install/local_setup.bash'
[13.892s] INFO:colcon.colcon_core.shell:Creating prefix chain script '/home/eb/ros2_ws/src/install/setup.bash'
[13.893s] INFO:colcon.colcon_core.shell:Creating prefix script '/home/eb/ros2_ws/src/install/local_setup.zsh'
[13.894s] INFO:colcon.colcon_core.shell:Creating prefix chain script '/home/eb/ros2_ws/src/install/setup.zsh'
