[0.012s] Invoking command in '/home/eb/ros2_ws/build/tp1': CMAKE_PREFIX_PATH=${CMAKE_PREFIX_PATH}:/opt/ros/humble /usr/bin/cmake --build /home/eb/ros2_ws/build/tp1 -- -j12 -l12
[0.080s] [35m[1mConsolidate compiler generated dependencies of target navigation[0m
[0.126s] [100%] Built target navigation
[0.149s] Invoked command in '/home/eb/ros2_ws/build/tp1' returned '0': CMAKE_PREFIX_PATH=${CMAKE_PREFIX_PATH}:/opt/ros/humble /usr/bin/cmake --build /home/eb/ros2_ws/build/tp1 -- -j12 -l12
[0.151s] Invoking command in '/home/eb/ros2_ws/build/tp1': CMAKE_PREFIX_PATH=${CMAKE_PREFIX_PATH}:/opt/ros/humble /usr/bin/cmake --install /home/eb/ros2_ws/build/tp1
[0.163s] -- Install configuration: ""
[0.163s] -- Up-to-date: /home/eb/ros2_ws/install/tp1/lib/tp1/navigation
[0.165s] -- Up-to-date: /home/eb/ros2_ws/install/tp1/share/tp1/launch
[0.165s] -- Up-to-date: /home/eb/ros2_ws/install/tp1/share/tp1/launch/p3dx-rosaria.launch.py
[0.165s] -- Up-to-date: /home/eb/ros2_ws/install/tp1/share/tp1/config
[0.165s] -- Up-to-date: /home/eb/ros2_ws/install/tp1/share/tp1/config/p3dx.rviz
[0.165s] -- Up-to-date: /home/eb/ros2_ws/install/tp1/share/ament_index/resource_index/package_run_dependencies/tp1
[0.166s] -- Up-to-date: /home/eb/ros2_ws/install/tp1/share/ament_index/resource_index/parent_prefix_path/tp1
[0.166s] -- Up-to-date: /home/eb/ros2_ws/install/tp1/share/tp1/environment/ament_prefix_path.sh
[0.166s] -- Up-to-date: /home/eb/ros2_ws/install/tp1/share/tp1/environment/ament_prefix_path.dsv
[0.166s] -- Up-to-date: /home/eb/ros2_ws/install/tp1/share/tp1/environment/path.sh
[0.166s] -- Up-to-date: /home/eb/ros2_ws/install/tp1/share/tp1/environment/path.dsv
[0.166s] -- Up-to-date: /home/eb/ros2_ws/install/tp1/share/tp1/local_setup.bash
[0.166s] -- Up-to-date: /home/eb/ros2_ws/install/tp1/share/tp1/local_setup.sh
[0.166s] -- Up-to-date: /home/eb/ros2_ws/install/tp1/share/tp1/local_setup.zsh
[0.166s] -- Up-to-date: /home/eb/ros2_ws/install/tp1/share/tp1/local_setup.dsv
[0.166s] -- Installing: /home/eb/ros2_ws/install/tp1/share/tp1/package.dsv
[0.167s] -- Up-to-date: /home/eb/ros2_ws/install/tp1/share/ament_index/resource_index/packages/tp1
[0.167s] -- Up-to-date: /home/eb/ros2_ws/install/tp1/share/tp1/cmake/tp1Config.cmake
[0.167s] -- Up-to-date: /home/eb/ros2_ws/install/tp1/share/tp1/cmake/tp1Config-version.cmake
[0.167s] -- Up-to-date: /home/eb/ros2_ws/install/tp1/share/tp1/package.xml
[0.188s] Invoked command in '/home/eb/ros2_ws/build/tp1' returned '0': CMAKE_PREFIX_PATH=${CMAKE_PREFIX_PATH}:/opt/ros/humble /usr/bin/cmake --install /home/eb/ros2_ws/build/tp1
